  [1m[35m (279.2ms)[0m  [1m[35mCREATE DATABASE "db/blog_development" ENCODING = 'unicode'[0m
  [1m[35m (100.0ms)[0m  [1m[35mCREATE DATABASE "db/blog_test" ENCODING = 'unicode'[0m
  [1m[35m (14.1ms)[0m  [1m[35mCREATE TABLE "schema_migrations" ("version" character varying NOT NULL PRIMARY KEY)[0m
  [1m[35m (7.0ms)[0m  [1m[35mCREATE TABLE "ar_internal_metadata" ("key" character varying NOT NULL PRIMARY KEY, "value" character varying, "created_at" timestamp(6) NOT NULL, "updated_at" timestamp(6) NOT NULL)[0m
  [1m[35m (0.5ms)[0m  [1m[34mSELECT pg_try_advisory_lock(5772632086391821980)[0m
  [1m[35m (0.6ms)[0m  [1m[34mSELECT "schema_migrations"."version" FROM "schema_migrations" ORDER BY "schema_migrations"."version" ASC[0m
Migrating to CreatePosts (20200116111833)
  [1m[35m (0.1ms)[0m  [1m[35mBEGIN[0m
  [1m[35m (6.9ms)[0m  [1m[35mCREATE TABLE "posts" ("id" bigserial primary key, "title" character varying, "content" text, "created_at" timestamp(6) NOT NULL, "updated_at" timestamp(6) NOT NULL)[0m
  [1m[36mprimary::SchemaMigration Create (1.0ms)[0m  [1m[32mINSERT INTO "schema_migrations" ("version") VALUES ($1) RETURNING "version"[0m  [["version", "20200116111833"]]
  [1m[35m (1.7ms)[0m  [1m[35mCOMMIT[0m
Migrating to CreateComments (20200202055643)
  [1m[35m (0.2ms)[0m  [1m[35mBEGIN[0m
  [1m[35m (7.0ms)[0m  [1m[35mCREATE TABLE "comments" ("id" bigserial primary key, "name" character varying, "comment" text, "created_at" timestamp(6) NOT NULL, "updated_at" timestamp(6) NOT NULL)[0m
  [1m[36mprimary::SchemaMigration Create (0.4ms)[0m  [1m[32mINSERT INTO "schema_migrations" ("version") VALUES ($1) RETURNING "version"[0m  [["version", "20200202055643"]]
  [1m[35m (1.3ms)[0m  [1m[35mCOMMIT[0m
Migrating to AddPostIdToComments (20200202055935)
  [1m[35m (0.2ms)[0m  [1m[35mBEGIN[0m
  [1m[35m (0.3ms)[0m  [1m[35mALTER TABLE "comments" ADD "post_id" integer[0m
  [1m[36mprimary::SchemaMigration Create (0.3ms)[0m  [1m[32mINSERT INTO "schema_migrations" ("version") VALUES ($1) RETURNING "version"[0m  [["version", "20200202055935"]]
  [1m[35m (0.9ms)[0m  [1m[35mCOMMIT[0m
  [1m[36mActiveRecord::InternalMetadata Load (0.3ms)[0m  [1m[34mSELECT "ar_internal_metadata".* FROM "ar_internal_metadata" WHERE "ar_internal_metadata"."key" = $1 LIMIT $2[0m  [["key", "environment"], ["LIMIT", 1]]
  [1m[35m (0.1ms)[0m  [1m[35mBEGIN[0m
  [1m[36mActiveRecord::InternalMetadata Create (0.4ms)[0m  [1m[32mINSERT INTO "ar_internal_metadata" ("key", "value", "created_at", "updated_at") VALUES ($1, $2, $3, $4) RETURNING "key"[0m  [["key", "environment"], ["value", "development"], ["created_at", "2020-02-02 08:47:09.501070"], ["updated_at", "2020-02-02 08:47:09.501070"]]
  [1m[35m (0.9ms)[0m  [1m[35mCOMMIT[0m
  [1m[35m (0.3ms)[0m  [1m[34mSELECT pg_advisory_unlock(5772632086391821980)[0m
  [1m[35m (0.7ms)[0m  [1m[34mSELECT "schema_migrations"."version" FROM "schema_migrations" ORDER BY "schema_migrations"."version" ASC[0m
Started GET "/" for ::1 at 2020-02-02 14:17:42 +0530
  [1m[35m (0.6ms)[0m  [1m[34mSELECT "schema_migrations"."version" FROM "schema_migrations" ORDER BY "schema_migrations"."version" ASC[0m
Processing by PostsController#index as HTML
  Rendering posts/index.html.erb within layouts/application
  [1m[36mPost Load (0.6ms)[0m  [1m[34mSELECT "posts".* FROM "posts" ORDER BY created_at DESC[0m
  ↳ app/views/posts/index.html.erb:4
  Rendered posts/index.html.erb within layouts/application (Duration: 4.8ms | Allocations: 1543)
[Webpacker] Compiling...
[Webpacker] Compiled all packs in /home/vedant/Programming/blog/public/packs
[Webpacker] Hash: 53154d7baad00c6a1252
Version: webpack 4.41.5
Time: 2004ms
Built at: 02/02/2020 2:17:47 pm
                                     Asset       Size       Chunks                         Chunk Names
    js/application-0b67a3cc2fcde6055024.js    124 KiB  application  [emitted] [immutable]  application
js/application-0b67a3cc2fcde6055024.js.map    139 KiB  application  [emitted] [dev]        application
                             manifest.json  364 bytes               [emitted]              
Entrypoint application = js/application-0b67a3cc2fcde6055024.js js/application-0b67a3cc2fcde6055024.js.map
[./app/javascript/channels sync recursive _channel\.js$] ./app/javascript/channels sync _channel\.js$ 160 bytes {application} [built]
[./app/javascript/channels/index.js] 211 bytes {application} [built]
[./app/javascript/packs/application.js] 749 bytes {application} [built]
[./node_modules/webpack/buildin/module.js] (webpack)/buildin/module.js 552 bytes {application} [built]
    + 3 hidden modules

Completed 200 OK in 4280ms (Views: 4264.2ms | ActiveRecord: 1.7ms | Allocations: 120408)


Started GET "/manifest.json" for ::1 at 2020-02-02 14:17:47 +0530
  
ActionController::RoutingError (No route matches [GET] "/manifest.json"):
  
actionpack (6.0.2.1) lib/action_dispatch/middleware/debug_exceptions.rb:36:in `call'
web-console (4.0.1) lib/web_console/middleware.rb:132:in `call_app'
web-console (4.0.1) lib/web_console/middleware.rb:28:in `block in call'
web-console (4.0.1) lib/web_console/middleware.rb:17:in `catch'
web-console (4.0.1) lib/web_console/middleware.rb:17:in `call'
actionpack (6.0.2.1) lib/action_dispatch/middleware/show_exceptions.rb:33:in `call'
railties (6.0.2.1) lib/rails/rack/logger.rb:38:in `call_app'
railties (6.0.2.1) lib/rails/rack/logger.rb:26:in `block in call'
activesupport (6.0.2.1) lib/active_support/tagged_logging.rb:80:in `block in tagged'
activesupport (6.0.2.1) lib/active_support/tagged_logging.rb:28:in `tagged'
activesupport (6.0.2.1) lib/active_support/tagged_logging.rb:80:in `tagged'
railties (6.0.2.1) lib/rails/rack/logger.rb:26:in `call'
sprockets-rails (3.2.1) lib/sprockets/rails/quiet_assets.rb:13:in `call'
actionpack (6.0.2.1) lib/action_dispatch/middleware/remote_ip.rb:81:in `call'
actionpack (6.0.2.1) lib/action_dispatch/middleware/request_id.rb:27:in `call'
rack (2.1.1) lib/rack/method_override.rb:24:in `call'
rack (2.1.1) lib/rack/runtime.rb:24:in `call'
activesupport (6.0.2.1) lib/active_support/cache/strategy/local_cache_middleware.rb:29:in `call'
actionpack (6.0.2.1) lib/action_dispatch/middleware/executor.rb:14:in `call'
actionpack (6.0.2.1) lib/action_dispatch/middleware/static.rb:126:in `call'
rack (2.1.1) lib/rack/sendfile.rb:113:in `call'
actionpack (6.0.2.1) lib/action_dispatch/middleware/host_authorization.rb:83:in `call'
webpacker (4.2.2) lib/webpacker/dev_server_proxy.rb:23:in `perform_request'
rack-proxy (0.6.5) lib/rack/proxy.rb:57:in `call'
railties (6.0.2.1) lib/rails/engine.rb:526:in `call'
puma (4.3.1) lib/puma/configuration.rb:228:in `call'
puma (4.3.1) lib/puma/server.rb:681:in `handle_request'
puma (4.3.1) lib/puma/server.rb:472:in `process_client'
puma (4.3.1) lib/puma/server.rb:328:in `block in run'
puma (4.3.1) lib/puma/thread_pool.rb:134:in `block in spawn_thread'
Started GET "/" for ::1 at 2020-02-02 14:36:16 +0530
Processing by PostsController#index as HTML
  Rendering posts/index.html.erb within layouts/application
  [1m[36mPost Load (0.7ms)[0m  [1m[34mSELECT "posts".* FROM "posts" ORDER BY created_at DESC[0m
  ↳ app/views/posts/index.html.erb:4
  Rendered posts/index.html.erb within layouts/application (Duration: 2.8ms | Allocations: 1079)
[Webpacker] Compiling...
[Webpacker] Compiled all packs in /home/vedant/Programming/blog/public/packs
[Webpacker] Hash: 335f476dd86b381b9719
Version: webpack 4.41.5
Time: 857ms
Built at: 02/02/2020 2:36:19 pm
                                     Asset       Size       Chunks                         Chunk Names
    js/application-f1068d957d9cba4c6db1.js    124 KiB  application  [emitted] [immutable]  application
js/application-f1068d957d9cba4c6db1.js.map    139 KiB  application  [emitted] [dev]        application
                             manifest.json  364 bytes               [emitted]              
Entrypoint application = js/application-f1068d957d9cba4c6db1.js js/application-f1068d957d9cba4c6db1.js.map
[./app/javascript/channels sync recursive _channel\.js$] ./app/javascript/channels sync _channel\.js$ 160 bytes {application} [built]
[./app/javascript/channels/index.js] 211 bytes {application} [built]
[./app/javascript/packs/application.js] 976 bytes {application} [built]
[./node_modules/webpack/buildin/module.js] (webpack)/buildin/module.js 552 bytes {application} [built]
    + 3 hidden modules

Completed 200 OK in 2284ms (Views: 2280.8ms | ActiveRecord: 0.7ms | Allocations: 8639)


Started GET "/service-worker.js" for ::1 at 2020-02-02 14:36:19 +0530

NameError - uninitialized constant ServiceWorkerController
Did you mean?  ServiceworkerController:

Started GET "/manifest.json" for ::1 at 2020-02-02 14:36:19 +0530

NameError - uninitialized constant ServiceWorkerController
Did you mean?  ServiceworkerController:

Started GET "/" for ::1 at 2020-02-02 14:37:54 +0530
Processing by PostsController#index as HTML
  Rendering posts/index.html.erb within layouts/application
  [1m[36mPost Load (1.1ms)[0m  [1m[34mSELECT "posts".* FROM "posts" ORDER BY created_at DESC[0m
  ↳ app/views/posts/index.html.erb:4
  Rendered posts/index.html.erb within layouts/application (Duration: 10.1ms | Allocations: 848)
[Webpacker] Everything's up-to-date. Nothing to do
Completed 200 OK in 56ms (Views: 49.7ms | ActiveRecord: 1.1ms | Allocations: 6353)


Started GET "/service-worker.js" for ::1 at 2020-02-02 14:37:54 +0530

NameError - uninitialized constant ServiceWorkerController
Did you mean?  ServiceworkerController:

Started GET "/manifest.json" for ::1 at 2020-02-02 14:37:55 +0530

NameError - uninitialized constant ServiceWorkerController
Did you mean?  ServiceworkerController:

Started GET "/" for ::1 at 2020-02-02 14:38:51 +0530
  [1m[35m (0.5ms)[0m  [1m[34mSELECT "schema_migrations"."version" FROM "schema_migrations" ORDER BY "schema_migrations"."version" ASC[0m
Processing by PostsController#index as HTML
  Rendering posts/index.html.erb within layouts/application
  [1m[36mPost Load (0.7ms)[0m  [1m[34mSELECT "posts".* FROM "posts" ORDER BY created_at DESC[0m
  ↳ app/views/posts/index.html.erb:4
  Rendered posts/index.html.erb within layouts/application (Duration: 5.1ms | Allocations: 1380)
[Webpacker] Everything's up-to-date. Nothing to do
Completed 200 OK in 98ms (Views: 86.3ms | ActiveRecord: 2.1ms | Allocations: 16202)


Started GET "/service-worker.js" for ::1 at 2020-02-02 14:38:52 +0530
Processing by ServiceWorkerController#service_worker as */*
  Rendering service_worker/service_worker.js.erb
[Webpacker] Everything's up-to-date. Nothing to do
  Rendered service_worker/service_worker.js.erb (Duration: 4.0ms | Allocations: 2217)
Completed 200 OK in 7ms (Views: 6.0ms | ActiveRecord: 0.0ms | Allocations: 4105)


Started GET "/service-worker.js" for ::1 at 2020-02-02 14:38:52 +0530
Processing by ServiceWorkerController#service_worker as */*
  Rendering service_worker/service_worker.js.erb
[Webpacker] Everything's up-to-date. Nothing to do
  Rendered service_worker/service_worker.js.erb (Duration: 2.7ms | Allocations: 2011)
Completed 200 OK in 4ms (Views: 3.6ms | ActiveRecord: 0.0ms | Allocations: 2653)


Started GET "/manifest.json" for ::1 at 2020-02-02 14:38:52 +0530
Processing by ServiceWorkerController#manifest as */*
  Rendering service_worker/manifest.json.erb
  Rendered service_worker/manifest.json.erb (Duration: 5.4ms | Allocations: 4324)
Completed 500 Internal Server Error in 9ms (ActiveRecord: 0.0ms | Allocations: 5733)



Sprockets::Rails::Helper::AssetNotFound - The asset "icon_192.png" is not present in the asset pipeline.:
  app/views/service_worker/manifest.json.erb:6

Started GET "/" for ::1 at 2020-02-02 14:39:17 +0530
Processing by PostsController#index as HTML
  Rendering posts/index.html.erb within layouts/application
  [1m[36mPost Load (0.3ms)[0m  [1m[34mSELECT "posts".* FROM "posts" ORDER BY created_at DESC[0m
  ↳ app/views/posts/index.html.erb:4
  Rendered posts/index.html.erb within layouts/application (Duration: 1.8ms | Allocations: 851)
[Webpacker] Everything's up-to-date. Nothing to do
Completed 200 OK in 8ms (Views: 7.0ms | ActiveRecord: 0.3ms | Allocations: 6369)


Started GET "/manifest.json" for ::1 at 2020-02-02 14:39:17 +0530
Processing by ServiceWorkerController#manifest as */*
  Rendering service_worker/manifest.json.erb
  Rendered service_worker/manifest.json.erb (Duration: 3.7ms | Allocations: 1120)
Completed 200 OK in 8ms (Views: 7.2ms | ActiveRecord: 0.0ms | Allocations: 3334)


Started GET "/service-worker.js" for ::1 at 2020-02-02 14:39:19 +0530
Processing by ServiceWorkerController#service_worker as */*
  Rendering service_worker/service_worker.js.erb
[Webpacker] Everything's up-to-date. Nothing to do
  Rendered service_worker/service_worker.js.erb (Duration: 5.1ms | Allocations: 2240)
Completed 200 OK in 10ms (Views: 7.8ms | ActiveRecord: 0.0ms | Allocations: 3908)


Started GET "/" for ::1 at 2020-02-02 14:39:42 +0530
  [1m[35m (0.7ms)[0m  [1m[34mSELECT "schema_migrations"."version" FROM "schema_migrations" ORDER BY "schema_migrations"."version" ASC[0m
Processing by PostsController#index as HTML
  Rendering posts/index.html.erb within layouts/application
  [1m[36mPost Load (0.6ms)[0m  [1m[34mSELECT "posts".* FROM "posts" ORDER BY created_at DESC[0m
  ↳ app/views/posts/index.html.erb:4
  Rendered posts/index.html.erb within layouts/application (Duration: 5.2ms | Allocations: 1380)
[Webpacker] Everything's up-to-date. Nothing to do
Completed 200 OK in 62ms (Views: 50.8ms | ActiveRecord: 2.3ms | Allocations: 12189)


Started GET "/manifest.json" for ::1 at 2020-02-02 14:39:43 +0530
Processing by ServiceWorkerController#manifest as */*
  Rendering service_worker/manifest.json.erb
  Rendered service_worker/manifest.json.erb (Duration: 2.5ms | Allocations: 1170)
Completed 200 OK in 9ms (Views: 4.4ms | ActiveRecord: 0.0ms | Allocations: 2800)


Started GET "/service-worker.js" for ::1 at 2020-02-02 14:39:45 +0530
Processing by ServiceWorkerController#service_worker as */*
  Rendering service_worker/service_worker.js.erb
[Webpacker] Everything's up-to-date. Nothing to do
  Rendered service_worker/service_worker.js.erb (Duration: 15.6ms | Allocations: 2255)
Completed 200 OK in 27ms (Views: 22.7ms | ActiveRecord: 0.0ms | Allocations: 3942)


Started GET "/" for ::1 at 2020-02-02 14:39:55 +0530
Processing by PostsController#index as */*
  Rendering posts/index.html.erb within layouts/application
  [1m[36mPost Load (0.7ms)[0m  [1m[34mSELECT "posts".* FROM "posts" ORDER BY created_at DESC[0m
  ↳ app/views/posts/index.html.erb:4
  Rendered posts/index.html.erb within layouts/application (Duration: 2.9ms | Allocations: 599)
[Webpacker] Everything's up-to-date. Nothing to do
Completed 200 OK in 17ms (Views: 14.2ms | ActiveRecord: 0.7ms | Allocations: 5236)


Started GET "/" for ::1 at 2020-02-02 14:40:08 +0530
Processing by PostsController#index as HTML
  Rendering posts/index.html.erb within layouts/application
  [1m[36mPost Load (0.7ms)[0m  [1m[34mSELECT "posts".* FROM "posts" ORDER BY created_at DESC[0m
  ↳ app/views/posts/index.html.erb:4
  Rendered posts/index.html.erb within layouts/application (Duration: 3.1ms | Allocations: 609)
[Webpacker] Everything's up-to-date. Nothing to do
Completed 200 OK in 17ms (Views: 14.3ms | ActiveRecord: 0.7ms | Allocations: 5095)


Started GET "/service-worker.js" for ::1 at 2020-02-02 14:40:08 +0530
Processing by ServiceWorkerController#service_worker as */*
  Rendering service_worker/service_worker.js.erb
[Webpacker] Everything's up-to-date. Nothing to do
  Rendered service_worker/service_worker.js.erb (Duration: 2.4ms | Allocations: 2011)
Completed 200 OK in 4ms (Views: 2.9ms | ActiveRecord: 0.0ms | Allocations: 2646)


Started GET "/service-worker.js" for ::1 at 2020-02-02 14:40:08 +0530
Processing by ServiceWorkerController#service_worker as */*
  Rendering service_worker/service_worker.js.erb
[Webpacker] Everything's up-to-date. Nothing to do
  Rendered service_worker/service_worker.js.erb (Duration: 5.7ms | Allocations: 2011)
Completed 200 OK in 9ms (Views: 6.6ms | ActiveRecord: 0.0ms | Allocations: 2643)


Started GET "/manifest.json" for ::1 at 2020-02-02 14:40:08 +0530
Processing by ServiceWorkerController#manifest as */*
  Rendering service_worker/manifest.json.erb
  Rendered service_worker/manifest.json.erb (Duration: 4.9ms | Allocations: 957)
Completed 200 OK in 9ms (Views: 7.3ms | ActiveRecord: 0.0ms | Allocations: 1329)


Started GET "/" for ::1 at 2020-02-02 14:40:11 +0530
Processing by PostsController#index as HTML
  Rendering posts/index.html.erb within layouts/application
  [1m[36mPost Load (0.3ms)[0m  [1m[34mSELECT "posts".* FROM "posts" ORDER BY created_at DESC[0m
  ↳ app/views/posts/index.html.erb:4
  Rendered posts/index.html.erb within layouts/application (Duration: 1.5ms | Allocations: 599)
[Webpacker] Everything's up-to-date. Nothing to do
Completed 200 OK in 12ms (Views: 10.2ms | ActiveRecord: 0.3ms | Allocations: 5074)


Started GET "/manifest.json" for ::1 at 2020-02-02 14:40:12 +0530
Processing by ServiceWorkerController#manifest as */*
  Rendering service_worker/manifest.json.erb
  Rendered service_worker/manifest.json.erb (Duration: 3.6ms | Allocations: 952)
Completed 200 OK in 6ms (Views: 4.8ms | ActiveRecord: 0.0ms | Allocations: 1323)


Started GET "/" for ::1 at 2020-02-02 14:40:12 +0530
Processing by PostsController#index as HTML
  Rendering posts/index.html.erb within layouts/application
  [1m[36mPost Load (0.3ms)[0m  [1m[34mSELECT "posts".* FROM "posts" ORDER BY created_at DESC[0m
  ↳ app/views/posts/index.html.erb:4
  Rendered posts/index.html.erb within layouts/application (Duration: 1.5ms | Allocations: 599)
[Webpacker] Everything's up-to-date. Nothing to do
Completed 200 OK in 9ms (Views: 7.3ms | ActiveRecord: 0.3ms | Allocations: 5070)


Started GET "/manifest.json" for ::1 at 2020-02-02 14:40:12 +0530
Processing by ServiceWorkerController#manifest as */*
  Rendering service_worker/manifest.json.erb
  Rendered service_worker/manifest.json.erb (Duration: 2.1ms | Allocations: 952)
Completed 200 OK in 4ms (Views: 3.0ms | ActiveRecord: 0.0ms | Allocations: 1323)


Started GET "/" for ::1 at 2020-02-02 14:40:12 +0530
Processing by PostsController#index as HTML
  Rendering posts/index.html.erb within layouts/application
  [1m[36mPost Load (0.3ms)[0m  [1m[34mSELECT "posts".* FROM "posts" ORDER BY created_at DESC[0m
  ↳ app/views/posts/index.html.erb:4
  Rendered posts/index.html.erb within layouts/application (Duration: 1.3ms | Allocations: 607)
[Webpacker] Everything's up-to-date. Nothing to do
Completed 200 OK in 8ms (Views: 5.9ms | ActiveRecord: 0.3ms | Allocations: 5088)


Started GET "/manifest.json" for ::1 at 2020-02-02 14:40:13 +0530
Processing by ServiceWorkerController#manifest as */*
  Rendering service_worker/manifest.json.erb
  Rendered service_worker/manifest.json.erb (Duration: 3.4ms | Allocations: 952)
Completed 200 OK in 5ms (Views: 4.1ms | ActiveRecord: 0.0ms | Allocations: 1323)


Started GET "/" for ::1 at 2020-02-02 14:40:13 +0530
Processing by PostsController#index as */*
  Rendering posts/index.html.erb within layouts/application
  [1m[36mPost Load (0.4ms)[0m  [1m[34mSELECT "posts".* FROM "posts" ORDER BY created_at DESC[0m
  ↳ app/views/posts/index.html.erb:4
  Rendered posts/index.html.erb within layouts/application (Duration: 1.8ms | Allocations: 607)
[Webpacker] Everything's up-to-date. Nothing to do
Completed 200 OK in 11ms (Views: 9.3ms | ActiveRecord: 0.4ms | Allocations: 5092)


Started GET "/application.css-de0df435386c9b39830f33a38f066db88ffd41bb3555d24da6df0055f5fa0387.map" for ::1 at 2020-02-02 14:40:13 +0530
  
ActionController::RoutingError (No route matches [GET] "/application.css-de0df435386c9b39830f33a38f066db88ffd41bb3555d24da6df0055f5fa0387.map"):
  
actionpack (6.0.2.1) lib/action_dispatch/middleware/debug_exceptions.rb:36:in `call'
web-console (4.0.1) lib/web_console/middleware.rb:132:in `call_app'
web-console (4.0.1) lib/web_console/middleware.rb:28:in `block in call'
web-console (4.0.1) lib/web_console/middleware.rb:17:in `catch'
web-console (4.0.1) lib/web_console/middleware.rb:17:in `call'
actionpack (6.0.2.1) lib/action_dispatch/middleware/show_exceptions.rb:33:in `call'
railties (6.0.2.1) lib/rails/rack/logger.rb:38:in `call_app'
railties (6.0.2.1) lib/rails/rack/logger.rb:26:in `block in call'
activesupport (6.0.2.1) lib/active_support/tagged_logging.rb:80:in `block in tagged'
activesupport (6.0.2.1) lib/active_support/tagged_logging.rb:28:in `tagged'
activesupport (6.0.2.1) lib/active_support/tagged_logging.rb:80:in `tagged'
railties (6.0.2.1) lib/rails/rack/logger.rb:26:in `call'
sprockets-rails (3.2.1) lib/sprockets/rails/quiet_assets.rb:13:in `call'
actionpack (6.0.2.1) lib/action_dispatch/middleware/remote_ip.rb:81:in `call'
actionpack (6.0.2.1) lib/action_dispatch/middleware/request_id.rb:27:in `call'
rack (2.1.1) lib/rack/method_override.rb:24:in `call'
rack (2.1.1) lib/rack/runtime.rb:24:in `call'
activesupport (6.0.2.1) lib/active_support/cache/strategy/local_cache_middleware.rb:29:in `call'
actionpack (6.0.2.1) lib/action_dispatch/middleware/executor.rb:14:in `call'
actionpack (6.0.2.1) lib/action_dispatch/middleware/static.rb:126:in `call'
rack (2.1.1) lib/rack/sendfile.rb:113:in `call'
actionpack (6.0.2.1) lib/action_dispatch/middleware/host_authorization.rb:83:in `call'
webpacker (4.2.2) lib/webpacker/dev_server_proxy.rb:23:in `perform_request'
rack-proxy (0.6.5) lib/rack/proxy.rb:57:in `call'
railties (6.0.2.1) lib/rails/engine.rb:526:in `call'
puma (4.3.1) lib/puma/configuration.rb:228:in `call'
puma (4.3.1) lib/puma/server.rb:681:in `handle_request'
puma (4.3.1) lib/puma/server.rb:472:in `process_client'
puma (4.3.1) lib/puma/server.rb:328:in `block in run'
puma (4.3.1) lib/puma/thread_pool.rb:134:in `block in spawn_thread'
Started GET "/" for ::1 at 2020-02-02 14:40:13 +0530
Processing by PostsController#index as HTML
  Rendering posts/index.html.erb within layouts/application
  [1m[36mPost Load (0.5ms)[0m  [1m[34mSELECT "posts".* FROM "posts" ORDER BY created_at DESC[0m
  ↳ app/views/posts/index.html.erb:4
  Rendered posts/index.html.erb within layouts/application (Duration: 2.2ms | Allocations: 598)
[Webpacker] Everything's up-to-date. Nothing to do
Completed 200 OK in 10ms (Views: 8.5ms | ActiveRecord: 0.5ms | Allocations: 5075)


Started GET "/service-worker.js" for ::1 at 2020-02-02 14:40:14 +0530
Processing by ServiceWorkerController#service_worker as */*
  Rendering service_worker/service_worker.js.erb
[Webpacker] Everything's up-to-date. Nothing to do
  Rendered service_worker/service_worker.js.erb (Duration: 3.2ms | Allocations: 2011)
Completed 200 OK in 5ms (Views: 4.2ms | ActiveRecord: 0.0ms | Allocations: 2648)


Started GET "/service-worker.js" for ::1 at 2020-02-02 14:40:14 +0530
Processing by ServiceWorkerController#service_worker as */*
  Rendering service_worker/service_worker.js.erb
[Webpacker] Everything's up-to-date. Nothing to do
  Rendered service_worker/service_worker.js.erb (Duration: 2.1ms | Allocations: 2011)
Completed 200 OK in 4ms (Views: 2.6ms | ActiveRecord: 0.0ms | Allocations: 2645)


Started GET "/manifest.json" for ::1 at 2020-02-02 14:40:14 +0530
Processing by ServiceWorkerController#manifest as */*
  Rendering service_worker/manifest.json.erb
  Rendered service_worker/manifest.json.erb (Duration: 1.4ms | Allocations: 953)
Completed 200 OK in 2ms (Views: 1.9ms | ActiveRecord: 0.0ms | Allocations: 1326)


Started GET "/" for ::1 at 2020-02-02 14:53:35 +0530
  [1m[35m (0.7ms)[0m  [1m[34mSELECT "schema_migrations"."version" FROM "schema_migrations" ORDER BY "schema_migrations"."version" ASC[0m
Processing by PostsController#index as HTML
  Rendering posts/index.html.erb within layouts/application
  [1m[36mPost Load (0.7ms)[0m  [1m[34mSELECT "posts".* FROM "posts" ORDER BY created_at DESC[0m
  ↳ app/views/posts/index.html.erb:4
  Rendered posts/index.html.erb within layouts/application (Duration: 4.9ms | Allocations: 1380)
[Webpacker] Everything's up-to-date. Nothing to do
Completed 200 OK in 110ms (Views: 98.3ms | ActiveRecord: 2.1ms | Allocations: 16552)


Started GET "/manifest.json" for ::1 at 2020-02-02 14:53:36 +0530
Processing by ServiceWorkerController#manifest as */*
  Rendering service_worker/manifest.json.erb
  Rendered service_worker/manifest.json.erb (Duration: 3.5ms | Allocations: 1139)
Completed 200 OK in 9ms (Views: 6.5ms | ActiveRecord: 0.0ms | Allocations: 3383)


Started GET "/service-worker.js" for ::1 at 2020-02-02 14:53:37 +0530
Processing by ServiceWorkerController#service_worker as */*
  Rendering service_worker/service_worker.js.erb
[Webpacker] Everything's up-to-date. Nothing to do
  Rendered service_worker/service_worker.js.erb (Duration: 6.0ms | Allocations: 2255)
Completed 200 OK in 11ms (Views: 8.9ms | ActiveRecord: 0.0ms | Allocations: 3931)


Started GET "/" for ::1 at 2020-02-02 14:53:43 +0530
Processing by PostsController#index as HTML
  Rendering posts/index.html.erb within layouts/application
  [1m[36mPost Load (1.3ms)[0m  [1m[34mSELECT "posts".* FROM "posts" ORDER BY created_at DESC[0m
  ↳ app/views/posts/index.html.erb:4
  Rendered posts/index.html.erb within layouts/application (Duration: 8.6ms | Allocations: 599)
[Webpacker] Everything's up-to-date. Nothing to do
Completed 200 OK in 38ms (Views: 31.8ms | ActiveRecord: 1.3ms | Allocations: 5081)


Started GET "/manifest.json" for ::1 at 2020-02-02 14:53:44 +0530
Processing by ServiceWorkerController#manifest as */*
  Rendering service_worker/manifest.json.erb
  Rendered service_worker/manifest.json.erb (Duration: 1.8ms | Allocations: 957)
Completed 200 OK in 4ms (Views: 2.5ms | ActiveRecord: 0.0ms | Allocations: 1330)


Started GET "/service-worker.js" for ::1 at 2020-02-02 14:53:45 +0530
Processing by ServiceWorkerController#service_worker as */*
  Rendering service_worker/service_worker.js.erb
[Webpacker] Everything's up-to-date. Nothing to do
  Rendered service_worker/service_worker.js.erb (Duration: 8.5ms | Allocations: 2012)
Completed 200 OK in 13ms (Views: 10.0ms | ActiveRecord: 0.0ms | Allocations: 2654)


Started GET "/" for ::1 at 2020-02-02 14:53:49 +0530
Processing by PostsController#index as */*
  Rendering posts/index.html.erb within layouts/application
  [1m[36mPost Load (0.3ms)[0m  [1m[34mSELECT "posts".* FROM "posts" ORDER BY created_at DESC[0m
  ↳ app/views/posts/index.html.erb:4
  Rendered posts/index.html.erb within layouts/application (Duration: 1.5ms | Allocations: 607)
[Webpacker] Everything's up-to-date. Nothing to do
Completed 200 OK in 9ms (Views: 7.6ms | ActiveRecord: 0.3ms | Allocations: 5241)


Started GET "/" for ::1 at 2020-02-02 14:53:54 +0530
Processing by PostsController#index as HTML
  Rendering posts/index.html.erb within layouts/application
  [1m[36mPost Load (0.5ms)[0m  [1m[34mSELECT "posts".* FROM "posts" ORDER BY created_at DESC[0m
  ↳ app/views/posts/index.html.erb:4
  Rendered posts/index.html.erb within layouts/application (Duration: 2.3ms | Allocations: 607)
[Webpacker] Everything's up-to-date. Nothing to do
Completed 200 OK in 10ms (Views: 8.2ms | ActiveRecord: 0.5ms | Allocations: 5084)


Started GET "/service-worker.js" for ::1 at 2020-02-02 14:53:55 +0530
Processing by ServiceWorkerController#service_worker as */*
  Rendering service_worker/service_worker.js.erb
[Webpacker] Everything's up-to-date. Nothing to do
  Rendered service_worker/service_worker.js.erb (Duration: 4.0ms | Allocations: 2011)
Completed 200 OK in 6ms (Views: 4.8ms | ActiveRecord: 0.0ms | Allocations: 2640)


Started GET "/service-worker.js" for ::1 at 2020-02-02 14:53:55 +0530
Processing by ServiceWorkerController#service_worker as */*
  Rendering service_worker/service_worker.js.erb
[Webpacker] Everything's up-to-date. Nothing to do
  Rendered service_worker/service_worker.js.erb (Duration: 4.4ms | Allocations: 2011)
Completed 200 OK in 7ms (Views: 5.9ms | ActiveRecord: 0.0ms | Allocations: 2646)


Started GET "/manifest.json" for ::1 at 2020-02-02 14:53:55 +0530
Processing by ServiceWorkerController#manifest as */*
  Rendering service_worker/manifest.json.erb
  Rendered service_worker/manifest.json.erb (Duration: 1.9ms | Allocations: 952)
Completed 200 OK in 4ms (Views: 2.8ms | ActiveRecord: 0.0ms | Allocations: 1323)


Started GET "/" for ::1 at 2020-02-02 14:53:57 +0530
Processing by PostsController#index as HTML
  Rendering posts/index.html.erb within layouts/application
  [1m[36mPost Load (1.0ms)[0m  [1m[34mSELECT "posts".* FROM "posts" ORDER BY created_at DESC[0m
  ↳ app/views/posts/index.html.erb:4
  Rendered posts/index.html.erb within layouts/application (Duration: 3.4ms | Allocations: 599)
[Webpacker] Everything's up-to-date. Nothing to do
Completed 200 OK in 12ms (Views: 10.0ms | ActiveRecord: 1.0ms | Allocations: 5076)


Started GET "/manifest.json" for ::1 at 2020-02-02 14:53:57 +0530
Processing by ServiceWorkerController#manifest as */*
  Rendering service_worker/manifest.json.erb
  Rendered service_worker/manifest.json.erb (Duration: 1.3ms | Allocations: 952)
Completed 200 OK in 3ms (Views: 2.6ms | ActiveRecord: 0.0ms | Allocations: 1323)


Started GET "/" for ::1 at 2020-02-02 14:53:57 +0530
Processing by PostsController#index as HTML
  Rendering posts/index.html.erb within layouts/application
  [1m[36mPost Load (0.3ms)[0m  [1m[34mSELECT "posts".* FROM "posts" ORDER BY created_at DESC[0m
  ↳ app/views/posts/index.html.erb:4
  Rendered posts/index.html.erb within layouts/application (Duration: 3.1ms | Allocations: 607)
[Webpacker] Everything's up-to-date. Nothing to do
Completed 200 OK in 30ms (Views: 29.1ms | ActiveRecord: 0.3ms | Allocations: 5091)


Started GET "/manifest.json" for ::1 at 2020-02-02 14:53:58 +0530
Processing by ServiceWorkerController#manifest as */*
  Rendering service_worker/manifest.json.erb
  Rendered service_worker/manifest.json.erb (Duration: 1.5ms | Allocations: 953)
Completed 200 OK in 3ms (Views: 2.3ms | ActiveRecord: 0.0ms | Allocations: 1324)


Started GET "/" for ::1 at 2020-02-02 14:53:58 +0530
Processing by PostsController#index as HTML
  Rendering posts/index.html.erb within layouts/application
  [1m[36mPost Load (0.3ms)[0m  [1m[34mSELECT "posts".* FROM "posts" ORDER BY created_at DESC[0m
  ↳ app/views/posts/index.html.erb:4
  Rendered posts/index.html.erb within layouts/application (Duration: 1.2ms | Allocations: 607)
[Webpacker] Everything's up-to-date. Nothing to do
Completed 200 OK in 9ms (Views: 7.7ms | ActiveRecord: 0.3ms | Allocations: 5086)


Started GET "/manifest.json" for ::1 at 2020-02-02 14:53:58 +0530
Processing by ServiceWorkerController#manifest as */*
  Rendering service_worker/manifest.json.erb
  Rendered service_worker/manifest.json.erb (Duration: 6.2ms | Allocations: 952)
Completed 200 OK in 8ms (Views: 7.7ms | ActiveRecord: 0.0ms | Allocations: 1323)


Started GET "/" for ::1 at 2020-02-02 14:53:59 +0530
Processing by PostsController#index as */*
  Rendering posts/index.html.erb within layouts/application
  [1m[36mPost Load (0.4ms)[0m  [1m[34mSELECT "posts".* FROM "posts" ORDER BY created_at DESC[0m
  ↳ app/views/posts/index.html.erb:4
  Rendered posts/index.html.erb within layouts/application (Duration: 2.9ms | Allocations: 599)
[Webpacker] Everything's up-to-date. Nothing to do
Completed 200 OK in 13ms (Views: 9.6ms | ActiveRecord: 0.4ms | Allocations: 5081)


Started GET "/application.css-de0df435386c9b39830f33a38f066db88ffd41bb3555d24da6df0055f5fa0387.map" for ::1 at 2020-02-02 14:53:59 +0530
  
ActionController::RoutingError (No route matches [GET] "/application.css-de0df435386c9b39830f33a38f066db88ffd41bb3555d24da6df0055f5fa0387.map"):
  
actionpack (6.0.2.1) lib/action_dispatch/middleware/debug_exceptions.rb:36:in `call'
web-console (4.0.1) lib/web_console/middleware.rb:132:in `call_app'
web-console (4.0.1) lib/web_console/middleware.rb:28:in `block in call'
web-console (4.0.1) lib/web_console/middleware.rb:17:in `catch'
web-console (4.0.1) lib/web_console/middleware.rb:17:in `call'
actionpack (6.0.2.1) lib/action_dispatch/middleware/show_exceptions.rb:33:in `call'
railties (6.0.2.1) lib/rails/rack/logger.rb:38:in `call_app'
railties (6.0.2.1) lib/rails/rack/logger.rb:26:in `block in call'
activesupport (6.0.2.1) lib/active_support/tagged_logging.rb:80:in `block in tagged'
activesupport (6.0.2.1) lib/active_support/tagged_logging.rb:28:in `tagged'
activesupport (6.0.2.1) lib/active_support/tagged_logging.rb:80:in `tagged'
railties (6.0.2.1) lib/rails/rack/logger.rb:26:in `call'
sprockets-rails (3.2.1) lib/sprockets/rails/quiet_assets.rb:13:in `call'
actionpack (6.0.2.1) lib/action_dispatch/middleware/remote_ip.rb:81:in `call'
actionpack (6.0.2.1) lib/action_dispatch/middleware/request_id.rb:27:in `call'
rack (2.1.1) lib/rack/method_override.rb:24:in `call'
rack (2.1.1) lib/rack/runtime.rb:24:in `call'
activesupport (6.0.2.1) lib/active_support/cache/strategy/local_cache_middleware.rb:29:in `call'
actionpack (6.0.2.1) lib/action_dispatch/middleware/executor.rb:14:in `call'
actionpack (6.0.2.1) lib/action_dispatch/middleware/static.rb:126:in `call'
rack (2.1.1) lib/rack/sendfile.rb:113:in `call'
actionpack (6.0.2.1) lib/action_dispatch/middleware/host_authorization.rb:83:in `call'
webpacker (4.2.2) lib/webpacker/dev_server_proxy.rb:23:in `perform_request'
rack-proxy (0.6.5) lib/rack/proxy.rb:57:in `call'
railties (6.0.2.1) lib/rails/engine.rb:526:in `call'
puma (4.3.1) lib/puma/configuration.rb:228:in `call'
puma (4.3.1) lib/puma/server.rb:681:in `handle_request'
puma (4.3.1) lib/puma/server.rb:472:in `process_client'
puma (4.3.1) lib/puma/server.rb:328:in `block in run'
puma (4.3.1) lib/puma/thread_pool.rb:134:in `block in spawn_thread'
Started GET "/" for ::1 at 2020-02-02 14:53:59 +0530
Processing by PostsController#index as HTML
  Rendering posts/index.html.erb within layouts/application
  [1m[36mPost Load (0.4ms)[0m  [1m[34mSELECT "posts".* FROM "posts" ORDER BY created_at DESC[0m
  ↳ app/views/posts/index.html.erb:4
  Rendered posts/index.html.erb within layouts/application (Duration: 4.5ms | Allocations: 598)
[Webpacker] Everything's up-to-date. Nothing to do
Completed 200 OK in 15ms (Views: 13.6ms | ActiveRecord: 0.4ms | Allocations: 5075)


Started GET "/service-worker.js" for ::1 at 2020-02-02 14:53:59 +0530
Processing by ServiceWorkerController#service_worker as */*
  Rendering service_worker/service_worker.js.erb
[Webpacker] Everything's up-to-date. Nothing to do
  Rendered service_worker/service_worker.js.erb (Duration: 2.9ms | Allocations: 2011)
Completed 200 OK in 4ms (Views: 3.6ms | ActiveRecord: 0.0ms | Allocations: 2638)


Started GET "/service-worker.js" for ::1 at 2020-02-02 14:53:59 +0530
Processing by ServiceWorkerController#service_worker as */*
  Rendering service_worker/service_worker.js.erb
[Webpacker] Everything's up-to-date. Nothing to do
  Rendered service_worker/service_worker.js.erb (Duration: 2.1ms | Allocations: 2011)
Completed 200 OK in 4ms (Views: 2.7ms | ActiveRecord: 0.0ms | Allocations: 2644)


Started GET "/manifest.json" for ::1 at 2020-02-02 14:53:59 +0530
Processing by ServiceWorkerController#manifest as */*
  Rendering service_worker/manifest.json.erb
  Rendered service_worker/manifest.json.erb (Duration: 1.7ms | Allocations: 952)
Completed 200 OK in 3ms (Views: 2.7ms | ActiveRecord: 0.0ms | Allocations: 1323)


Started GET "/" for ::1 at 2020-02-02 14:56:04 +0530
Processing by PostsController#index as HTML
  Rendering posts/index.html.erb within layouts/application
  [1m[36mPost Load (0.5ms)[0m  [1m[34mSELECT "posts".* FROM "posts" ORDER BY created_at DESC[0m
  ↳ app/views/posts/index.html.erb:4
  Rendered posts/index.html.erb within layouts/application (Duration: 2.1ms | Allocations: 599)
[Webpacker] Everything's up-to-date. Nothing to do
Completed 200 OK in 8ms (Views: 6.1ms | ActiveRecord: 0.5ms | Allocations: 5078)


Started GET "/manifest.json" for ::1 at 2020-02-02 14:56:05 +0530
Processing by ServiceWorkerController#manifest as */*
  Rendering service_worker/manifest.json.erb
  Rendered service_worker/manifest.json.erb (Duration: 3.2ms | Allocations: 1247)
Completed 200 OK in 5ms (Views: 4.0ms | ActiveRecord: 0.0ms | Allocations: 1618)


Started GET "/service-worker.js" for ::1 at 2020-02-02 14:56:06 +0530
Processing by ServiceWorkerController#service_worker as */*
  Rendering service_worker/service_worker.js.erb
Started GET "/" for ::1 at 2020-02-02 14:56:06 +0530
[Webpacker] Everything's up-to-date. Nothing to do
  Rendered service_worker/service_worker.js.erb (Duration: 8.2ms | Allocations: 3237)
Completed 200 OK in 11ms (Views: 9.4ms | ActiveRecord: 0.0ms | Allocations: 3867)


Processing by PostsController#index as HTML
  Rendering posts/index.html.erb within layouts/application
  [1m[36mPost Load (1.0ms)[0m  [1m[34mSELECT "posts".* FROM "posts" ORDER BY created_at DESC[0m
  ↳ app/views/posts/index.html.erb:4
  Rendered posts/index.html.erb within layouts/application (Duration: 2.5ms | Allocations: 673)
[Webpacker] Everything's up-to-date. Nothing to do
Completed 200 OK in 9ms (Views: 6.8ms | ActiveRecord: 1.0ms | Allocations: 5143)


Started GET "/manifest.json" for ::1 at 2020-02-02 14:56:07 +0530
Processing by ServiceWorkerController#manifest as */*
  Rendering service_worker/manifest.json.erb
  Rendered service_worker/manifest.json.erb (Duration: 1.9ms | Allocations: 952)
Completed 200 OK in 3ms (Views: 2.6ms | ActiveRecord: 0.0ms | Allocations: 1323)


Started GET "/service-worker.js" for ::1 at 2020-02-02 14:56:08 +0530
Processing by ServiceWorkerController#service_worker as */*
  Rendering service_worker/service_worker.js.erb
[Webpacker] Everything's up-to-date. Nothing to do
  Rendered service_worker/service_worker.js.erb (Duration: 22.7ms | Allocations: 2011)
Completed 200 OK in 33ms (Views: 25.3ms | ActiveRecord: 0.0ms | Allocations: 2644)


Started GET "/" for ::1 at 2020-02-02 14:56:12 +0530
Processing by PostsController#index as HTML
  Rendering posts/index.html.erb within layouts/application
  [1m[36mPost Load (1.7ms)[0m  [1m[34mSELECT "posts".* FROM "posts" ORDER BY created_at DESC[0m
  ↳ app/views/posts/index.html.erb:4
  Rendered posts/index.html.erb within layouts/application (Duration: 6.0ms | Allocations: 599)
[Webpacker] Everything's up-to-date. Nothing to do
Completed 200 OK in 28ms (Views: 22.4ms | ActiveRecord: 1.7ms | Allocations: 5072)


Started GET "/manifest.json" for ::1 at 2020-02-02 14:56:13 +0530
Processing by ServiceWorkerController#manifest as */*
  Rendering service_worker/manifest.json.erb
  Rendered service_worker/manifest.json.erb (Duration: 1.7ms | Allocations: 952)
Completed 200 OK in 3ms (Views: 2.7ms | ActiveRecord: 0.0ms | Allocations: 1323)


Started GET "/service-worker.js" for ::1 at 2020-02-02 14:56:14 +0530
Processing by ServiceWorkerController#service_worker as */*
  Rendering service_worker/service_worker.js.erb
[Webpacker] Everything's up-to-date. Nothing to do
  Rendered service_worker/service_worker.js.erb (Duration: 14.3ms | Allocations: 2011)
Completed 200 OK in 15ms (Views: 14.9ms | ActiveRecord: 0.0ms | Allocations: 2653)


Started GET "/" for ::1 at 2020-02-02 14:56:15 +0530
Processing by PostsController#index as */*
  Rendering posts/index.html.erb within layouts/application
  [1m[36mPost Load (0.3ms)[0m  [1m[34mSELECT "posts".* FROM "posts" ORDER BY created_at DESC[0m
  ↳ app/views/posts/index.html.erb:4
  Rendered posts/index.html.erb within layouts/application (Duration: 1.8ms | Allocations: 599)
[Webpacker] Everything's up-to-date. Nothing to do
Completed 200 OK in 14ms (Views: 12.7ms | ActiveRecord: 0.3ms | Allocations: 5083)


Started GET "/" for ::1 at 2020-02-02 14:56:18 +0530
Processing by PostsController#index as HTML
  Rendering posts/index.html.erb within layouts/application
  [1m[36mPost Load (0.8ms)[0m  [1m[34mSELECT "posts".* FROM "posts" ORDER BY created_at DESC[0m
  ↳ app/views/posts/index.html.erb:4
  Rendered posts/index.html.erb within layouts/application (Duration: 2.8ms | Allocations: 599)
[Webpacker] Everything's up-to-date. Nothing to do
Completed 200 OK in 11ms (Views: 9.0ms | ActiveRecord: 0.8ms | Allocations: 5073)


Started GET "/service-worker.js" for ::1 at 2020-02-02 14:56:19 +0530
Processing by ServiceWorkerController#service_worker as */*
  Rendering service_worker/service_worker.js.erb
[Webpacker] Everything's up-to-date. Nothing to do
  Rendered service_worker/service_worker.js.erb (Duration: 2.1ms | Allocations: 2011)
Completed 200 OK in 4ms (Views: 2.7ms | ActiveRecord: 0.0ms | Allocations: 2648)


Started GET "/service-worker.js" for ::1 at 2020-02-02 14:56:19 +0530
Processing by ServiceWorkerController#service_worker as */*
  Rendering service_worker/service_worker.js.erb
[Webpacker] Everything's up-to-date. Nothing to do
  Rendered service_worker/service_worker.js.erb (Duration: 2.7ms | Allocations: 2011)
Completed 200 OK in 4ms (Views: 3.4ms | ActiveRecord: 0.0ms | Allocations: 2645)


Started GET "/manifest.json" for ::1 at 2020-02-02 14:56:19 +0530
Processing by ServiceWorkerController#manifest as */*
  Rendering service_worker/manifest.json.erb
  Rendered service_worker/manifest.json.erb (Duration: 2.8ms | Allocations: 952)
Completed 200 OK in 4ms (Views: 3.7ms | ActiveRecord: 0.0ms | Allocations: 1323)


Started GET "/" for ::1 at 2020-02-02 14:56:20 +0530
Processing by PostsController#index as HTML
  Rendering posts/index.html.erb within layouts/application
  [1m[36mPost Load (0.5ms)[0m  [1m[34mSELECT "posts".* FROM "posts" ORDER BY created_at DESC[0m
  ↳ app/views/posts/index.html.erb:4
  Rendered posts/index.html.erb within layouts/application (Duration: 2.4ms | Allocations: 599)
[Webpacker] Everything's up-to-date. Nothing to do
Completed 200 OK in 12ms (Views: 10.1ms | ActiveRecord: 0.5ms | Allocations: 5068)


Started GET "/manifest.json" for ::1 at 2020-02-02 14:56:21 +0530
Processing by ServiceWorkerController#manifest as */*
  Rendering service_worker/manifest.json.erb
  Rendered service_worker/manifest.json.erb (Duration: 1.9ms | Allocations: 952)
Completed 200 OK in 3ms (Views: 2.5ms | ActiveRecord: 0.0ms | Allocations: 1323)


Started GET "/" for ::1 at 2020-02-02 14:56:21 +0530
Processing by PostsController#index as HTML
  Rendering posts/index.html.erb within layouts/application
  [1m[36mPost Load (0.7ms)[0m  [1m[34mSELECT "posts".* FROM "posts" ORDER BY created_at DESC[0m
  ↳ app/views/posts/index.html.erb:4
  Rendered posts/index.html.erb within layouts/application (Duration: 2.5ms | Allocations: 599)
[Webpacker] Everything's up-to-date. Nothing to do
Completed 200 OK in 11ms (Views: 9.2ms | ActiveRecord: 0.7ms | Allocations: 5070)


Started GET "/manifest.json" for ::1 at 2020-02-02 14:56:21 +0530
Processing by ServiceWorkerController#manifest as */*
  Rendering service_worker/manifest.json.erb
  Rendered service_worker/manifest.json.erb (Duration: 2.5ms | Allocations: 952)
Completed 200 OK in 4ms (Views: 3.3ms | ActiveRecord: 0.0ms | Allocations: 1323)


Started GET "/" for ::1 at 2020-02-02 14:56:21 +0530
Processing by PostsController#index as HTML
  Rendering posts/index.html.erb within layouts/application
  [1m[36mPost Load (0.4ms)[0m  [1m[34mSELECT "posts".* FROM "posts" ORDER BY created_at DESC[0m
  ↳ app/views/posts/index.html.erb:4
  Rendered posts/index.html.erb within layouts/application (Duration: 1.6ms | Allocations: 599)
[Webpacker] Everything's up-to-date. Nothing to do
Completed 200 OK in 9ms (Views: 7.7ms | ActiveRecord: 0.4ms | Allocations: 5077)


Started GET "/manifest.json" for ::1 at 2020-02-02 14:56:22 +0530
Processing by ServiceWorkerController#manifest as */*
  Rendering service_worker/manifest.json.erb
  Rendered service_worker/manifest.json.erb (Duration: 2.4ms | Allocations: 952)
Completed 200 OK in 4ms (Views: 3.4ms | ActiveRecord: 0.0ms | Allocations: 1323)


Started GET "/" for ::1 at 2020-02-02 14:56:22 +0530
Processing by PostsController#index as */*
  Rendering posts/index.html.erb within layouts/application
  [1m[36mPost Load (1.1ms)[0m  [1m[34mSELECT "posts".* FROM "posts" ORDER BY created_at DESC[0m
  ↳ app/views/posts/index.html.erb:4
  Rendered posts/index.html.erb within layouts/application (Duration: 2.6ms | Allocations: 599)
[Webpacker] Everything's up-to-date. Nothing to do
Completed 200 OK in 14ms (Views: 11.6ms | ActiveRecord: 1.1ms | Allocations: 5079)


Started GET "/application.css-de0df435386c9b39830f33a38f066db88ffd41bb3555d24da6df0055f5fa0387.map" for ::1 at 2020-02-02 14:56:22 +0530
  
ActionController::RoutingError (No route matches [GET] "/application.css-de0df435386c9b39830f33a38f066db88ffd41bb3555d24da6df0055f5fa0387.map"):
  
actionpack (6.0.2.1) lib/action_dispatch/middleware/debug_exceptions.rb:36:in `call'
web-console (4.0.1) lib/web_console/middleware.rb:132:in `call_app'
web-console (4.0.1) lib/web_console/middleware.rb:28:in `block in call'
web-console (4.0.1) lib/web_console/middleware.rb:17:in `catch'
web-console (4.0.1) lib/web_console/middleware.rb:17:in `call'
actionpack (6.0.2.1) lib/action_dispatch/middleware/show_exceptions.rb:33:in `call'
railties (6.0.2.1) lib/rails/rack/logger.rb:38:in `call_app'
railties (6.0.2.1) lib/rails/rack/logger.rb:26:in `block in call'
activesupport (6.0.2.1) lib/active_support/tagged_logging.rb:80:in `block in tagged'
activesupport (6.0.2.1) lib/active_support/tagged_logging.rb:28:in `tagged'
activesupport (6.0.2.1) lib/active_support/tagged_logging.rb:80:in `tagged'
railties (6.0.2.1) lib/rails/rack/logger.rb:26:in `call'
sprockets-rails (3.2.1) lib/sprockets/rails/quiet_assets.rb:13:in `call'
actionpack (6.0.2.1) lib/action_dispatch/middleware/remote_ip.rb:81:in `call'
actionpack (6.0.2.1) lib/action_dispatch/middleware/request_id.rb:27:in `call'
rack (2.1.1) lib/rack/method_override.rb:24:in `call'
rack (2.1.1) lib/rack/runtime.rb:24:in `call'
activesupport (6.0.2.1) lib/active_support/cache/strategy/local_cache_middleware.rb:29:in `call'
actionpack (6.0.2.1) lib/action_dispatch/middleware/executor.rb:14:in `call'
actionpack (6.0.2.1) lib/action_dispatch/middleware/static.rb:126:in `call'
rack (2.1.1) lib/rack/sendfile.rb:113:in `call'
actionpack (6.0.2.1) lib/action_dispatch/middleware/host_authorization.rb:83:in `call'
webpacker (4.2.2) lib/webpacker/dev_server_proxy.rb:23:in `perform_request'
rack-proxy (0.6.5) lib/rack/proxy.rb:57:in `call'
railties (6.0.2.1) lib/rails/engine.rb:526:in `call'
puma (4.3.1) lib/puma/configuration.rb:228:in `call'
puma (4.3.1) lib/puma/server.rb:681:in `handle_request'
puma (4.3.1) lib/puma/server.rb:472:in `process_client'
puma (4.3.1) lib/puma/server.rb:328:in `block in run'
puma (4.3.1) lib/puma/thread_pool.rb:134:in `block in spawn_thread'
Started GET "/" for ::1 at 2020-02-02 14:56:22 +0530
Processing by PostsController#index as HTML
  Rendering posts/index.html.erb within layouts/application
  [1m[36mPost Load (0.4ms)[0m  [1m[34mSELECT "posts".* FROM "posts" ORDER BY created_at DESC[0m
  ↳ app/views/posts/index.html.erb:4
  Rendered posts/index.html.erb within layouts/application (Duration: 1.7ms | Allocations: 598)
[Webpacker] Everything's up-to-date. Nothing to do
Completed 200 OK in 10ms (Views: 8.4ms | ActiveRecord: 0.4ms | Allocations: 5069)


Started GET "/service-worker.js" for ::1 at 2020-02-02 14:56:23 +0530
Processing by ServiceWorkerController#service_worker as */*
  Rendering service_worker/service_worker.js.erb
[Webpacker] Everything's up-to-date. Nothing to do
  Rendered service_worker/service_worker.js.erb (Duration: 2.6ms | Allocations: 2011)
Completed 200 OK in 4ms (Views: 3.6ms | ActiveRecord: 0.0ms | Allocations: 2650)


Started GET "/service-worker.js" for ::1 at 2020-02-02 14:56:23 +0530
Processing by ServiceWorkerController#service_worker as */*
  Rendering service_worker/service_worker.js.erb
[Webpacker] Everything's up-to-date. Nothing to do
  Rendered service_worker/service_worker.js.erb (Duration: 2.3ms | Allocations: 2011)
Completed 200 OK in 5ms (Views: 3.6ms | ActiveRecord: 0.0ms | Allocations: 2647)


Started GET "/manifest.json" for ::1 at 2020-02-02 14:56:23 +0530
Processing by ServiceWorkerController#manifest as */*
  Rendering service_worker/manifest.json.erb
  Rendered service_worker/manifest.json.erb (Duration: 2.1ms | Allocations: 952)
Completed 200 OK in 4ms (Views: 3.1ms | ActiveRecord: 0.0ms | Allocations: 1323)


Started GET "/service-worker.js" for ::1 at 2020-02-02 15:12:24 +0530
Processing by ServiceWorkerController#service_worker as */*
  Rendering service_worker/service_worker.js.erb
[Webpacker] Everything's up-to-date. Nothing to do
  Rendered service_worker/service_worker.js.erb (Duration: 8.3ms | Allocations: 2011)
Completed 200 OK in 14ms (Views: 10.7ms | ActiveRecord: 0.0ms | Allocations: 2646)


Started GET "/service-worker.js" for ::1 at 2020-02-02 15:12:29 +0530
Processing by ServiceWorkerController#service_worker as */*
  Rendering service_worker/service_worker.js.erb
[Webpacker] Everything's up-to-date. Nothing to do
  Rendered service_worker/service_worker.js.erb (Duration: 13.3ms | Allocations: 2011)
Completed 200 OK in 19ms (Views: 15.5ms | ActiveRecord: 0.0ms | Allocations: 2643)


Started GET "/" for ::1 at 2020-02-02 16:45:52 +0530
  [1m[35m (0.6ms)[0m  [1m[34mSELECT "schema_migrations"."version" FROM "schema_migrations" ORDER BY "schema_migrations"."version" ASC[0m
Processing by PostsController#index as HTML
  Rendering posts/index.html.erb within layouts/application
  [1m[36mPost Load (0.8ms)[0m  [1m[34mSELECT "posts".* FROM "posts" ORDER BY created_at DESC[0m
  ↳ app/views/posts/index.html.erb:4
  Rendered posts/index.html.erb within layouts/application (Duration: 6.1ms | Allocations: 1380)
[Webpacker] Everything's up-to-date. Nothing to do
Completed 200 OK in 229ms (Views: 211.4ms | ActiveRecord: 2.5ms | Allocations: 17067)


Started GET "/manifest.json" for ::1 at 2020-02-02 16:45:53 +0530
Processing by ServiceWorkerController#manifest as */*
  Rendering service_worker/manifest.json.erb
  Rendered service_worker/manifest.json.erb (Duration: 3.8ms | Allocations: 1140)
Completed 200 OK in 14ms (Views: 10.0ms | ActiveRecord: 0.0ms | Allocations: 3390)


Started GET "/service-worker.js" for ::1 at 2020-02-02 16:45:55 +0530
Processing by ServiceWorkerController#service_worker as */*
  Rendering service_worker/service_worker.js.erb
[Webpacker] Everything's up-to-date. Nothing to do
  Rendered service_worker/service_worker.js.erb (Duration: 11.9ms | Allocations: 2260)
Completed 200 OK in 23ms (Views: 18.4ms | ActiveRecord: 0.0ms | Allocations: 3937)


Started GET "/offline.html" for ::1 at 2020-02-02 16:45:55 +0530
Started GET "/service-worker.js" for ::1 at 2020-02-02 16:45:55 +0530
  
ActionController::RoutingError (No route matches [GET] "/offline.html"):
  
actionpack (6.0.2.1) lib/action_dispatch/middleware/debug_exceptions.rb:36:in `call'
web-console (4.0.1) lib/web_console/middleware.rb:132:in `call_app'
web-console (4.0.1) lib/web_console/middleware.rb:28:in `block in call'
web-console (4.0.1) lib/web_console/middleware.rb:17:in `catch'
web-console (4.0.1) lib/web_console/middleware.rb:17:in `call'
actionpack (6.0.2.1) lib/action_dispatch/middleware/show_exceptions.rb:33:in `call'
railties (6.0.2.1) lib/rails/rack/logger.rb:38:in `call_app'
railties (6.0.2.1) lib/rails/rack/logger.rb:26:in `block in call'
activesupport (6.0.2.1) lib/active_support/tagged_logging.rb:80:in `block in tagged'
activesupport (6.0.2.1) lib/active_support/tagged_logging.rb:28:in `tagged'
activesupport (6.0.2.1) lib/active_support/tagged_logging.rb:80:in `tagged'
railties (6.0.2.1) lib/rails/rack/logger.rb:26:in `call'
sprockets-rails (3.2.1) lib/sprockets/rails/quiet_assets.rb:13:in `call'
actionpack (6.0.2.1) lib/action_dispatch/middleware/remote_ip.rb:81:in `call'
actionpack (6.0.2.1) lib/action_dispatch/middleware/request_id.rb:27:in `call'
rack (2.1.1) lib/rack/method_override.rb:24:in `call'
rack (2.1.1) lib/rack/runtime.rb:24:in `call'
activesupport (6.0.2.1) lib/active_support/cache/strategy/local_cache_middleware.rb:29:in `call'
actionpack (6.0.2.1) lib/action_dispatch/middleware/executor.rb:14:in `call'
actionpack (6.0.2.1) lib/action_dispatch/middleware/static.rb:126:in `call'
rack (2.1.1) lib/rack/sendfile.rb:113:in `call'
actionpack (6.0.2.1) lib/action_dispatch/middleware/host_authorization.rb:83:in `call'
webpacker (4.2.2) lib/webpacker/dev_server_proxy.rb:23:in `perform_request'
rack-proxy (0.6.5) lib/rack/proxy.rb:57:in `call'
railties (6.0.2.1) lib/rails/engine.rb:526:in `call'
puma (4.3.1) lib/puma/configuration.rb:228:in `call'
puma (4.3.1) lib/puma/server.rb:681:in `handle_request'
puma (4.3.1) lib/puma/server.rb:472:in `process_client'
puma (4.3.1) lib/puma/server.rb:328:in `block in run'
puma (4.3.1) lib/puma/thread_pool.rb:134:in `block in spawn_thread'
Processing by ServiceWorkerController#service_worker as */*
  Rendering service_worker/service_worker.js.erb
[Webpacker] Everything's up-to-date. Nothing to do
  Rendered service_worker/service_worker.js.erb (Duration: 14.4ms | Allocations: 8125)
Completed 200 OK in 19ms (Views: 17.0ms | ActiveRecord: 0.0ms | Allocations: 9351)


Started GET "/" for ::1 at 2020-02-02 16:45:56 +0530
Processing by PostsController#index as */*
  Rendering posts/index.html.erb within layouts/application
  [1m[36mPost Load (0.4ms)[0m  [1m[34mSELECT "posts".* FROM "posts" ORDER BY created_at DESC[0m
  ↳ app/views/posts/index.html.erb:4
  Rendered posts/index.html.erb within layouts/application (Duration: 2.1ms | Allocations: 608)
[Webpacker] Everything's up-to-date. Nothing to do
Completed 200 OK in 13ms (Views: 10.4ms | ActiveRecord: 0.4ms | Allocations: 5255)


Started GET "/" for ::1 at 2020-02-02 16:51:51 +0530
Processing by PostsController#index as HTML
  Rendering posts/index.html.erb within layouts/application
  [1m[36mPost Load (0.5ms)[0m  [1m[34mSELECT "posts".* FROM "posts" ORDER BY created_at DESC[0m
  ↳ app/views/posts/index.html.erb:4
  Rendered posts/index.html.erb within layouts/application (Duration: 2.5ms | Allocations: 607)
[Webpacker] Everything's up-to-date. Nothing to do
Completed 200 OK in 16ms (Views: 14.5ms | ActiveRecord: 0.5ms | Allocations: 5088)


Started GET "/manifest.json" for ::1 at 2020-02-02 16:51:52 +0530
Processing by ServiceWorkerController#manifest as */*
  Rendering service_worker/manifest.json.erb
  Rendered service_worker/manifest.json.erb (Duration: 2.8ms | Allocations: 956)
Completed 200 OK in 5ms (Views: 3.9ms | ActiveRecord: 0.0ms | Allocations: 1327)


Started GET "/service-worker.js" for ::1 at 2020-02-02 16:51:53 +0530
Processing by ServiceWorkerController#service_worker as */*
  Rendering service_worker/service_worker.js.erb
[Webpacker] Everything's up-to-date. Nothing to do
  Rendered service_worker/service_worker.js.erb (Duration: 13.4ms | Allocations: 2011)
Completed 200 OK in 19ms (Views: 15.7ms | ActiveRecord: 0.0ms | Allocations: 2641)


Started GET "/service-worker.js" for ::1 at 2020-02-02 16:51:54 +0530
Started GET "/offline.html" for ::1 at 2020-02-02 16:51:54 +0530
Processing by ServiceWorkerController#service_worker as */*
  Rendering service_worker/service_worker.js.erb
[Webpacker] Everything's up-to-date. Nothing to do
  Rendered service_worker/service_worker.js.erb (Duration: 18.4ms | Allocations: 2089)
Completed 200 OK in 33ms (Views: 28.9ms | ActiveRecord: 0.0ms | Allocations: 2725)


  
ActionController::RoutingError (No route matches [GET] "/offline.html"):
  
actionpack (6.0.2.1) lib/action_dispatch/middleware/debug_exceptions.rb:36:in `call'
web-console (4.0.1) lib/web_console/middleware.rb:132:in `call_app'
web-console (4.0.1) lib/web_console/middleware.rb:28:in `block in call'
web-console (4.0.1) lib/web_console/middleware.rb:17:in `catch'
web-console (4.0.1) lib/web_console/middleware.rb:17:in `call'
actionpack (6.0.2.1) lib/action_dispatch/middleware/show_exceptions.rb:33:in `call'
railties (6.0.2.1) lib/rails/rack/logger.rb:38:in `call_app'
railties (6.0.2.1) lib/rails/rack/logger.rb:26:in `block in call'
activesupport (6.0.2.1) lib/active_support/tagged_logging.rb:80:in `block in tagged'
activesupport (6.0.2.1) lib/active_support/tagged_logging.rb:28:in `tagged'
activesupport (6.0.2.1) lib/active_support/tagged_logging.rb:80:in `tagged'
railties (6.0.2.1) lib/rails/rack/logger.rb:26:in `call'
sprockets-rails (3.2.1) lib/sprockets/rails/quiet_assets.rb:13:in `call'
actionpack (6.0.2.1) lib/action_dispatch/middleware/remote_ip.rb:81:in `call'
actionpack (6.0.2.1) lib/action_dispatch/middleware/request_id.rb:27:in `call'
rack (2.1.1) lib/rack/method_override.rb:24:in `call'
rack (2.1.1) lib/rack/runtime.rb:24:in `call'
activesupport (6.0.2.1) lib/active_support/cache/strategy/local_cache_middleware.rb:29:in `call'
actionpack (6.0.2.1) lib/action_dispatch/middleware/executor.rb:14:in `call'
actionpack (6.0.2.1) lib/action_dispatch/middleware/static.rb:126:in `call'
rack (2.1.1) lib/rack/sendfile.rb:113:in `call'
actionpack (6.0.2.1) lib/action_dispatch/middleware/host_authorization.rb:83:in `call'
webpacker (4.2.2) lib/webpacker/dev_server_proxy.rb:23:in `perform_request'
rack-proxy (0.6.5) lib/rack/proxy.rb:57:in `call'
railties (6.0.2.1) lib/rails/engine.rb:526:in `call'
puma (4.3.1) lib/puma/configuration.rb:228:in `call'
puma (4.3.1) lib/puma/server.rb:681:in `handle_request'
puma (4.3.1) lib/puma/server.rb:472:in `process_client'
puma (4.3.1) lib/puma/server.rb:328:in `block in run'
puma (4.3.1) lib/puma/thread_pool.rb:134:in `block in spawn_thread'
Started GET "/manifest.json" for ::1 at 2020-02-02 16:56:26 +0530
Processing by ServiceWorkerController#manifest as */*
  Rendering service_worker/manifest.json.erb
  Rendered service_worker/manifest.json.erb (Duration: 2.1ms | Allocations: 953)
Completed 200 OK in 4ms (Views: 3.3ms | ActiveRecord: 0.0ms | Allocations: 1325)


Started GET "/service-worker.js" for ::1 at 2020-02-02 16:56:26 +0530
Processing by ServiceWorkerController#service_worker as */*
  Rendering service_worker/service_worker.js.erb
[Webpacker] Everything's up-to-date. Nothing to do
  Rendered service_worker/service_worker.js.erb (Duration: 18.2ms | Allocations: 2011)
Completed 200 OK in 22ms (Views: 20.1ms | ActiveRecord: 0.0ms | Allocations: 2646)


Started GET "/service-worker.js" for ::1 at 2020-02-02 16:56:26 +0530
Processing by ServiceWorkerController#service_worker as */*
  Rendering service_worker/service_worker.js.erb
[Webpacker] Everything's up-to-date. Nothing to do
  Rendered service_worker/service_worker.js.erb (Duration: 14.0ms | Allocations: 2011)
Completed 200 OK in 27ms (Views: 20.3ms | ActiveRecord: 0.0ms | Allocations: 2643)


Started GET "/offline.html" for ::1 at 2020-02-02 16:56:26 +0530
  
ActionController::RoutingError (No route matches [GET] "/offline.html"):
  
actionpack (6.0.2.1) lib/action_dispatch/middleware/debug_exceptions.rb:36:in `call'
web-console (4.0.1) lib/web_console/middleware.rb:132:in `call_app'
web-console (4.0.1) lib/web_console/middleware.rb:28:in `block in call'
web-console (4.0.1) lib/web_console/middleware.rb:17:in `catch'
web-console (4.0.1) lib/web_console/middleware.rb:17:in `call'
actionpack (6.0.2.1) lib/action_dispatch/middleware/show_exceptions.rb:33:in `call'
railties (6.0.2.1) lib/rails/rack/logger.rb:38:in `call_app'
railties (6.0.2.1) lib/rails/rack/logger.rb:26:in `block in call'
activesupport (6.0.2.1) lib/active_support/tagged_logging.rb:80:in `block in tagged'
activesupport (6.0.2.1) lib/active_support/tagged_logging.rb:28:in `tagged'
activesupport (6.0.2.1) lib/active_support/tagged_logging.rb:80:in `tagged'
railties (6.0.2.1) lib/rails/rack/logger.rb:26:in `call'
sprockets-rails (3.2.1) lib/sprockets/rails/quiet_assets.rb:13:in `call'
actionpack (6.0.2.1) lib/action_dispatch/middleware/remote_ip.rb:81:in `call'
actionpack (6.0.2.1) lib/action_dispatch/middleware/request_id.rb:27:in `call'
rack (2.1.1) lib/rack/method_override.rb:24:in `call'
rack (2.1.1) lib/rack/runtime.rb:24:in `call'
activesupport (6.0.2.1) lib/active_support/cache/strategy/local_cache_middleware.rb:29:in `call'
actionpack (6.0.2.1) lib/action_dispatch/middleware/executor.rb:14:in `call'
actionpack (6.0.2.1) lib/action_dispatch/middleware/static.rb:126:in `call'
rack (2.1.1) lib/rack/sendfile.rb:113:in `call'
actionpack (6.0.2.1) lib/action_dispatch/middleware/host_authorization.rb:83:in `call'
webpacker (4.2.2) lib/webpacker/dev_server_proxy.rb:23:in `perform_request'
rack-proxy (0.6.5) lib/rack/proxy.rb:57:in `call'
railties (6.0.2.1) lib/rails/engine.rb:526:in `call'
puma (4.3.1) lib/puma/configuration.rb:228:in `call'
puma (4.3.1) lib/puma/server.rb:681:in `handle_request'
puma (4.3.1) lib/puma/server.rb:472:in `process_client'
puma (4.3.1) lib/puma/server.rb:328:in `block in run'
puma (4.3.1) lib/puma/thread_pool.rb:134:in `block in spawn_thread'
Started GET "/manifest.json" for ::1 at 2020-02-02 16:56:45 +0530
Processing by ServiceWorkerController#manifest as */*
  Rendering service_worker/manifest.json.erb
  Rendered service_worker/manifest.json.erb (Duration: 1.7ms | Allocations: 953)
Completed 200 OK in 3ms (Views: 2.4ms | ActiveRecord: 0.0ms | Allocations: 1326)


Started GET "/service-worker.js" for ::1 at 2020-02-02 16:56:45 +0530
Processing by ServiceWorkerController#service_worker as */*
  Rendering service_worker/service_worker.js.erb
[Webpacker] Everything's up-to-date. Nothing to do
  Rendered service_worker/service_worker.js.erb (Duration: 13.7ms | Allocations: 2011)
Completed 200 OK in 23ms (Views: 19.5ms | ActiveRecord: 0.0ms | Allocations: 2642)


Started GET "/service-worker.js" for ::1 at 2020-02-02 16:56:45 +0530
Started GET "/offline.html" for ::1 at 2020-02-02 16:56:45 +0530
Processing by ServiceWorkerController#service_worker as */*
  Rendering service_worker/service_worker.js.erb
  
ActionController::RoutingError (No route matches [GET] "/offline.html"):
  
actionpack (6.0.2.1) lib/action_dispatch/middleware/debug_exceptions.rb:36:in `call'
web-console (4.0.1) lib/web_console/middleware.rb:132:in `call_app'
web-console (4.0.1) lib/web_console/middleware.rb:28:in `block in call'
web-console (4.0.1) lib/web_console/middleware.rb:17:in `catch'
web-console (4.0.1) lib/web_console/middleware.rb:17:in `call'
actionpack (6.0.2.1) lib/action_dispatch/middleware/show_exceptions.rb:33:in `call'
railties (6.0.2.1) lib/rails/rack/logger.rb:38:in `call_app'
railties (6.0.2.1) lib/rails/rack/logger.rb:26:in `block in call'
activesupport (6.0.2.1) lib/active_support/tagged_logging.rb:80:in `block in tagged'
activesupport (6.0.2.1) lib/active_support/tagged_logging.rb:28:in `tagged'
activesupport (6.0.2.1) lib/active_support/tagged_logging.rb:80:in `tagged'
railties (6.0.2.1) lib/rails/rack/logger.rb:26:in `call'
sprockets-rails (3.2.1) lib/sprockets/rails/quiet_assets.rb:13:in `call'
actionpack (6.0.2.1) lib/action_dispatch/middleware/remote_ip.rb:81:in `call'
actionpack (6.0.2.1) lib/action_dispatch/middleware/request_id.rb:27:in `call'
rack (2.1.1) lib/rack/method_override.rb:24:in `call'
rack (2.1.1) lib/rack/runtime.rb:24:in `call'
activesupport (6.0.2.1) lib/active_support/cache/strategy/local_cache_middleware.rb:29:in `call'
actionpack (6.0.2.1) lib/action_dispatch/middleware/executor.rb:14:in `call'
actionpack (6.0.2.1) lib/action_dispatch/middleware/static.rb:126:in `call'
rack (2.1.1) lib/rack/sendfile.rb:113:in `call'
actionpack (6.0.2.1) lib/action_dispatch/middleware/host_authorization.rb:83:in `call'
webpacker (4.2.2) lib/webpacker/dev_server_proxy.rb:23:in `perform_request'
rack-proxy (0.6.5) lib/rack/proxy.rb:57:in `call'
railties (6.0.2.1) lib/rails/engine.rb:526:in `call'
puma (4.3.1) lib/puma/configuration.rb:228:in `call'
puma (4.3.1) lib/puma/server.rb:681:in `handle_request'
puma (4.3.1) lib/puma/server.rb:472:in `process_client'
puma (4.3.1) lib/puma/server.rb:328:in `block in run'
puma (4.3.1) lib/puma/thread_pool.rb:134:in `block in spawn_thread'
[Webpacker] Everything's up-to-date. Nothing to do
  Rendered service_worker/service_worker.js.erb (Duration: 99.2ms | Allocations: 47828)
Completed 200 OK in 106ms (Views: 102.5ms | ActiveRecord: 0.0ms | Allocations: 49059)


Started GET "/" for ::1 at 2020-02-02 17:03:51 +0530
Processing by PostsController#index as HTML
  Rendering posts/index.html.erb within layouts/application
  [1m[36mPost Load (8.5ms)[0m  [1m[34mSELECT "posts".* FROM "posts" ORDER BY created_at DESC[0m
  ↳ app/views/posts/index.html.erb:4
  Rendered posts/index.html.erb within layouts/application (Duration: 14.9ms | Allocations: 672)
[Webpacker] Everything's up-to-date. Nothing to do
Completed 200 OK in 51ms (Views: 36.1ms | ActiveRecord: 8.5ms | Allocations: 5153)


Started GET "/manifest.json" for ::1 at 2020-02-02 17:03:52 +0530
Processing by ServiceWorkerController#manifest as */*
  Rendering service_worker/manifest.json.erb
  Rendered service_worker/manifest.json.erb (Duration: 1.5ms | Allocations: 952)
Completed 200 OK in 3ms (Views: 2.3ms | ActiveRecord: 0.0ms | Allocations: 1323)


Started GET "/" for ::1 at 2020-02-02 17:03:53 +0530
Processing by PostsController#index as */*
  Rendering posts/index.html.erb within layouts/application
  [1m[36mPost Load (0.4ms)[0m  [1m[34mSELECT "posts".* FROM "posts" ORDER BY created_at DESC[0m
  ↳ app/views/posts/index.html.erb:4
  Rendered posts/index.html.erb within layouts/application (Duration: 1.9ms | Allocations: 599)
[Webpacker] Everything's up-to-date. Nothing to do
Completed 200 OK in 13ms (Views: 10.7ms | ActiveRecord: 0.4ms | Allocations: 5074)


Started GET "/service-worker.js" for ::1 at 2020-02-02 17:03:53 +0530
Processing by ServiceWorkerController#service_worker as */*
  Rendering service_worker/service_worker.js.erb
[Webpacker] Everything's up-to-date. Nothing to do
  Rendered service_worker/service_worker.js.erb (Duration: 3.9ms | Allocations: 2011)
Completed 200 OK in 6ms (Views: 4.9ms | ActiveRecord: 0.0ms | Allocations: 2643)


Started GET "/offline.html" for ::1 at 2020-02-02 17:03:53 +0530
  
ActionController::RoutingError (No route matches [GET] "/offline.html"):
  
actionpack (6.0.2.1) lib/action_dispatch/middleware/debug_exceptions.rb:36:in `call'
web-console (4.0.1) lib/web_console/middleware.rb:132:in `call_app'
web-console (4.0.1) lib/web_console/middleware.rb:28:in `block in call'
web-console (4.0.1) lib/web_console/middleware.rb:17:in `catch'
web-console (4.0.1) lib/web_console/middleware.rb:17:in `call'
actionpack (6.0.2.1) lib/action_dispatch/middleware/show_exceptions.rb:33:in `call'
railties (6.0.2.1) lib/rails/rack/logger.rb:38:in `call_app'
railties (6.0.2.1) lib/rails/rack/logger.rb:26:in `block in call'
activesupport (6.0.2.1) lib/active_support/tagged_logging.rb:80:in `block in tagged'
activesupport (6.0.2.1) lib/active_support/tagged_logging.rb:28:in `tagged'
activesupport (6.0.2.1) lib/active_support/tagged_logging.rb:80:in `tagged'
railties (6.0.2.1) lib/rails/rack/logger.rb:26:in `call'
sprockets-rails (3.2.1) lib/sprockets/rails/quiet_assets.rb:13:in `call'
actionpack (6.0.2.1) lib/action_dispatch/middleware/remote_ip.rb:81:in `call'
actionpack (6.0.2.1) lib/action_dispatch/middleware/request_id.rb:27:in `call'
rack (2.1.1) lib/rack/method_override.rb:24:in `call'
rack (2.1.1) lib/rack/runtime.rb:24:in `call'
activesupport (6.0.2.1) lib/active_support/cache/strategy/local_cache_middleware.rb:29:in `call'
actionpack (6.0.2.1) lib/action_dispatch/middleware/executor.rb:14:in `call'
actionpack (6.0.2.1) lib/action_dispatch/middleware/static.rb:126:in `call'
rack (2.1.1) lib/rack/sendfile.rb:113:in `call'
actionpack (6.0.2.1) lib/action_dispatch/middleware/host_authorization.rb:83:in `call'
webpacker (4.2.2) lib/webpacker/dev_server_proxy.rb:23:in `perform_request'
rack-proxy (0.6.5) lib/rack/proxy.rb:57:in `call'
railties (6.0.2.1) lib/rails/engine.rb:526:in `call'
puma (4.3.1) lib/puma/configuration.rb:228:in `call'
puma (4.3.1) lib/puma/server.rb:681:in `handle_request'
puma (4.3.1) lib/puma/server.rb:472:in `process_client'
puma (4.3.1) lib/puma/server.rb:328:in `block in run'
puma (4.3.1) lib/puma/thread_pool.rb:134:in `block in spawn_thread'
Started GET "/service-worker.js" for ::1 at 2020-02-02 17:03:53 +0530
Processing by ServiceWorkerController#service_worker as */*
  Rendering service_worker/service_worker.js.erb
[Webpacker] Everything's up-to-date. Nothing to do
  Rendered service_worker/service_worker.js.erb (Duration: 25.7ms | Allocations: 12072)
Completed 200 OK in 28ms (Views: 27.4ms | ActiveRecord: 0.0ms | Allocations: 13071)


Started GET "/" for ::1 at 2020-02-02 17:04:22 +0530
Processing by PostsController#index as HTML
  Rendering posts/index.html.erb within layouts/application
  [1m[36mPost Load (5.2ms)[0m  [1m[34mSELECT "posts".* FROM "posts" ORDER BY created_at DESC[0m
  ↳ app/views/posts/index.html.erb:4
  Rendered posts/index.html.erb within layouts/application (Duration: 20.3ms | Allocations: 674)
[Webpacker] Everything's up-to-date. Nothing to do
Completed 200 OK in 57ms (Views: 48.6ms | ActiveRecord: 5.2ms | Allocations: 5159)


Started GET "/manifest.json" for ::1 at 2020-02-02 17:04:23 +0530
Processing by ServiceWorkerController#manifest as */*
  Rendering service_worker/manifest.json.erb
  Rendered service_worker/manifest.json.erb (Duration: 1.7ms | Allocations: 952)
Completed 200 OK in 3ms (Views: 2.6ms | ActiveRecord: 0.0ms | Allocations: 1323)


Started GET "/service-worker.js" for ::1 at 2020-02-02 17:04:25 +0530
Processing by ServiceWorkerController#service_worker as */*
  Rendering service_worker/service_worker.js.erb
[Webpacker] Everything's up-to-date. Nothing to do
  Rendered service_worker/service_worker.js.erb (Duration: 13.5ms | Allocations: 2011)
Completed 200 OK in 18ms (Views: 15.4ms | ActiveRecord: 0.0ms | Allocations: 2650)


Started GET "/service-worker.js" for ::1 at 2020-02-02 17:04:25 +0530
Processing by ServiceWorkerController#service_worker as */*
  Rendering service_worker/service_worker.js.erb
[Webpacker] Everything's up-to-date. Nothing to do
  Rendered service_worker/service_worker.js.erb (Duration: 15.0ms | Allocations: 2011)
Completed 200 OK in 23ms (Views: 19.3ms | ActiveRecord: 0.0ms | Allocations: 2649)


Started GET "/offline.html" for ::1 at 2020-02-02 17:04:25 +0530
  
ActionController::RoutingError (No route matches [GET] "/offline.html"):
  
actionpack (6.0.2.1) lib/action_dispatch/middleware/debug_exceptions.rb:36:in `call'
web-console (4.0.1) lib/web_console/middleware.rb:132:in `call_app'
web-console (4.0.1) lib/web_console/middleware.rb:28:in `block in call'
web-console (4.0.1) lib/web_console/middleware.rb:17:in `catch'
web-console (4.0.1) lib/web_console/middleware.rb:17:in `call'
actionpack (6.0.2.1) lib/action_dispatch/middleware/show_exceptions.rb:33:in `call'
railties (6.0.2.1) lib/rails/rack/logger.rb:38:in `call_app'
railties (6.0.2.1) lib/rails/rack/logger.rb:26:in `block in call'
activesupport (6.0.2.1) lib/active_support/tagged_logging.rb:80:in `block in tagged'
activesupport (6.0.2.1) lib/active_support/tagged_logging.rb:28:in `tagged'
activesupport (6.0.2.1) lib/active_support/tagged_logging.rb:80:in `tagged'
railties (6.0.2.1) lib/rails/rack/logger.rb:26:in `call'
sprockets-rails (3.2.1) lib/sprockets/rails/quiet_assets.rb:13:in `call'
actionpack (6.0.2.1) lib/action_dispatch/middleware/remote_ip.rb:81:in `call'
actionpack (6.0.2.1) lib/action_dispatch/middleware/request_id.rb:27:in `call'
rack (2.1.1) lib/rack/method_override.rb:24:in `call'
rack (2.1.1) lib/rack/runtime.rb:24:in `call'
activesupport (6.0.2.1) lib/active_support/cache/strategy/local_cache_middleware.rb:29:in `call'
actionpack (6.0.2.1) lib/action_dispatch/middleware/executor.rb:14:in `call'
actionpack (6.0.2.1) lib/action_dispatch/middleware/static.rb:126:in `call'
rack (2.1.1) lib/rack/sendfile.rb:113:in `call'
actionpack (6.0.2.1) lib/action_dispatch/middleware/host_authorization.rb:83:in `call'
webpacker (4.2.2) lib/webpacker/dev_server_proxy.rb:23:in `perform_request'
rack-proxy (0.6.5) lib/rack/proxy.rb:57:in `call'
railties (6.0.2.1) lib/rails/engine.rb:526:in `call'
puma (4.3.1) lib/puma/configuration.rb:228:in `call'
puma (4.3.1) lib/puma/server.rb:681:in `handle_request'
puma (4.3.1) lib/puma/server.rb:472:in `process_client'
puma (4.3.1) lib/puma/server.rb:328:in `block in run'
puma (4.3.1) lib/puma/thread_pool.rb:134:in `block in spawn_thread'
Started GET "/" for ::1 at 2020-02-02 17:04:40 +0530
Processing by PostsController#index as HTML
  Rendering posts/index.html.erb within layouts/application
  [1m[36mPost Load (1.4ms)[0m  [1m[34mSELECT "posts".* FROM "posts" ORDER BY created_at DESC[0m
  ↳ app/views/posts/index.html.erb:4
  Rendered posts/index.html.erb within layouts/application (Duration: 7.9ms | Allocations: 838)
[Webpacker] Everything's up-to-date. Nothing to do
Completed 200 OK in 55ms (Views: 45.2ms | ActiveRecord: 1.4ms | Allocations: 6342)


Started GET "/manifest.json" for ::1 at 2020-02-02 17:04:40 +0530
Processing by ServiceWorkerController#manifest as */*
  Rendering service_worker/manifest.json.erb
  Rendered service_worker/manifest.json.erb (Duration: 2.8ms | Allocations: 1122)
Completed 200 OK in 6ms (Views: 5.4ms | ActiveRecord: 0.0ms | Allocations: 2699)


Started GET "/service-worker.js" for ::1 at 2020-02-02 17:04:42 +0530
Processing by ServiceWorkerController#service_worker as */*
  Rendering service_worker/service_worker.js.erb
[Webpacker] Everything's up-to-date. Nothing to do
  Rendered service_worker/service_worker.js.erb (Duration: 11.0ms | Allocations: 2241)
Completed 200 OK in 21ms (Views: 17.1ms | ActiveRecord: 0.0ms | Allocations: 3927)


Started GET "/" for ::1 at 2020-02-02 17:06:05 +0530
Processing by PostsController#index as HTML
  Rendering posts/index.html.erb within layouts/application
  [1m[36mPost Load (1.0ms)[0m  [1m[34mSELECT "posts".* FROM "posts" ORDER BY created_at DESC[0m
  ↳ app/views/posts/index.html.erb:4
  Rendered posts/index.html.erb within layouts/application (Duration: 9.5ms | Allocations: 847)
[Webpacker] Everything's up-to-date. Nothing to do
Completed 200 OK in 52ms (Views: 45.0ms | ActiveRecord: 1.0ms | Allocations: 6356)


Started GET "/manifest.json" for ::1 at 2020-02-02 17:06:06 +0530
Processing by ServiceWorkerController#manifest as */*
  Rendering service_worker/manifest.json.erb
  Rendered service_worker/manifest.json.erb (Duration: 4.0ms | Allocations: 1118)
Completed 200 OK in 13ms (Views: 10.6ms | ActiveRecord: 0.0ms | Allocations: 3329)


Started GET "/service-worker.js" for ::1 at 2020-02-02 17:06:07 +0530
Processing by ServiceWorkerController#service_worker as */*
  Rendering service_worker/service_worker.js.erb
[Webpacker] Everything's up-to-date. Nothing to do
  Rendered service_worker/service_worker.js.erb (Duration: 11.1ms | Allocations: 2246)
Completed 200 OK in 20ms (Views: 16.6ms | ActiveRecord: 0.0ms | Allocations: 3912)


Started GET "/offline.html" for ::1 at 2020-02-02 17:06:08 +0530
  
ActionController::RoutingError (No route matches [GET] "/offline.html"):
  
actionpack (6.0.2.1) lib/action_dispatch/middleware/debug_exceptions.rb:36:in `call'
web-console (4.0.1) lib/web_console/middleware.rb:132:in `call_app'
web-console (4.0.1) lib/web_console/middleware.rb:28:in `block in call'
web-console (4.0.1) lib/web_console/middleware.rb:17:in `catch'
web-console (4.0.1) lib/web_console/middleware.rb:17:in `call'
actionpack (6.0.2.1) lib/action_dispatch/middleware/show_exceptions.rb:33:in `call'
railties (6.0.2.1) lib/rails/rack/logger.rb:38:in `call_app'
railties (6.0.2.1) lib/rails/rack/logger.rb:26:in `block in call'
activesupport (6.0.2.1) lib/active_support/tagged_logging.rb:80:in `block in tagged'
activesupport (6.0.2.1) lib/active_support/tagged_logging.rb:28:in `tagged'
activesupport (6.0.2.1) lib/active_support/tagged_logging.rb:80:in `tagged'
railties (6.0.2.1) lib/rails/rack/logger.rb:26:in `call'
sprockets-rails (3.2.1) lib/sprockets/rails/quiet_assets.rb:13:in `call'
actionpack (6.0.2.1) lib/action_dispatch/middleware/remote_ip.rb:81:in `call'
actionpack (6.0.2.1) lib/action_dispatch/middleware/request_id.rb:27:in `call'
rack (2.1.1) lib/rack/method_override.rb:24:in `call'
rack (2.1.1) lib/rack/runtime.rb:24:in `call'
activesupport (6.0.2.1) lib/active_support/cache/strategy/local_cache_middleware.rb:29:in `call'
actionpack (6.0.2.1) lib/action_dispatch/middleware/executor.rb:14:in `call'
actionpack (6.0.2.1) lib/action_dispatch/middleware/static.rb:126:in `call'
rack (2.1.1) lib/rack/sendfile.rb:113:in `call'
actionpack (6.0.2.1) lib/action_dispatch/middleware/host_authorization.rb:83:in `call'
webpacker (4.2.2) lib/webpacker/dev_server_proxy.rb:23:in `perform_request'
rack-proxy (0.6.5) lib/rack/proxy.rb:57:in `call'
railties (6.0.2.1) lib/rails/engine.rb:526:in `call'
puma (4.3.1) lib/puma/configuration.rb:228:in `call'
puma (4.3.1) lib/puma/server.rb:681:in `handle_request'
puma (4.3.1) lib/puma/server.rb:472:in `process_client'
puma (4.3.1) lib/puma/server.rb:328:in `block in run'
puma (4.3.1) lib/puma/thread_pool.rb:134:in `block in spawn_thread'
Started GET "/service-worker.js" for ::1 at 2020-02-02 17:06:08 +0530
Processing by ServiceWorkerController#service_worker as */*
  Rendering service_worker/service_worker.js.erb
[Webpacker] Everything's up-to-date. Nothing to do
  Rendered service_worker/service_worker.js.erb (Duration: 10.7ms | Allocations: 5414)
Completed 200 OK in 14ms (Views: 12.5ms | ActiveRecord: 0.0ms | Allocations: 6292)


Started GET "/" for ::1 at 2020-02-02 17:06:21 +0530
Processing by PostsController#index as HTML
  Rendering posts/index.html.erb within layouts/application
  [1m[36mPost Load (2.2ms)[0m  [1m[34mSELECT "posts".* FROM "posts" ORDER BY created_at DESC[0m
  ↳ app/views/posts/index.html.erb:4
  Rendered posts/index.html.erb within layouts/application (Duration: 12.2ms | Allocations: 838)
[Webpacker] Everything's up-to-date. Nothing to do
Completed 200 OK in 58ms (Views: 48.3ms | ActiveRecord: 2.2ms | Allocations: 6352)


Started GET "/manifest.json" for ::1 at 2020-02-02 17:06:21 +0530
Processing by ServiceWorkerController#manifest as */*
  Rendering service_worker/manifest.json.erb
  Rendered service_worker/manifest.json.erb (Duration: 4.0ms | Allocations: 1126)
Completed 200 OK in 10ms (Views: 7.6ms | ActiveRecord: 0.0ms | Allocations: 2704)


Started GET "/service-worker.js" for ::1 at 2020-02-02 17:06:23 +0530
Processing by ServiceWorkerController#service_worker as */*
  Rendering service_worker/service_worker.js.erb
[Webpacker] Everything's up-to-date. Nothing to do
  Rendered service_worker/service_worker.js.erb (Duration: 11.3ms | Allocations: 2245)
Completed 200 OK in 22ms (Views: 18.4ms | ActiveRecord: 0.0ms | Allocations: 3924)


Started GET "/" for ::1 at 2020-02-02 17:07:45 +0530
Processing by PostsController#index as HTML
  Rendering posts/index.html.erb within layouts/application
  [1m[36mPost Load (1.7ms)[0m  [1m[34mSELECT "posts".* FROM "posts" ORDER BY created_at DESC[0m
  ↳ app/views/posts/index.html.erb:4
  Rendered posts/index.html.erb within layouts/application (Duration: 10.3ms | Allocations: 841)
[Webpacker] Everything's up-to-date. Nothing to do
Completed 200 OK in 55ms (Views: 47.6ms | ActiveRecord: 1.7ms | Allocations: 6343)


Started GET "/manifest.json" for ::1 at 2020-02-02 17:07:45 +0530
Processing by ServiceWorkerController#manifest as */*
  Rendering service_worker/manifest.json.erb
  Rendered service_worker/manifest.json.erb (Duration: 6.5ms | Allocations: 1118)
Completed 200 OK in 12ms (Views: 9.1ms | ActiveRecord: 0.0ms | Allocations: 2684)


Started GET "/service-worker.js" for ::1 at 2020-02-02 17:07:47 +0530
Processing by ServiceWorkerController#service_worker as */*
  Rendering service_worker/service_worker.js.erb
[Webpacker] Everything's up-to-date. Nothing to do
  Rendered service_worker/service_worker.js.erb (Duration: 10.5ms | Allocations: 2240)
Completed 200 OK in 20ms (Views: 16.1ms | ActiveRecord: 0.0ms | Allocations: 3910)


Started GET "/posts/new" for ::1 at 2020-02-02 17:07:53 +0530
Processing by PostsController#new as HTML
  Rendering posts/new.html.erb within layouts/application
  Rendered posts/_form.html.erb (Duration: 192.2ms | Allocations: 24414)
  Rendered posts/new.html.erb within layouts/application (Duration: 195.9ms | Allocations: 24726)
[Webpacker] Everything's up-to-date. Nothing to do
Completed 200 OK in 261ms (Views: 203.1ms | ActiveRecord: 25.9ms | Allocations: 32182)


Started POST "/posts" for ::1 at 2020-02-02 17:07:58 +0530
Processing by PostsController#create as HTML
  Parameters: {"authenticity_token"=>"2TXFhG6hNkbKhpW768iu9m6iJObSFN/439T0cuWk5Jlr4aZD+GKACq0bVnyCfxCzR5Nk4CR8l20UQuprfyR8Cw==", "post"=>{"title"=>"New post ", "content"=>""}, "commit"=>"Create Post"}
  [1m[35m (0.9ms)[0m  [1m[35mBEGIN[0m
  ↳ app/controllers/posts_controller.rb:17:in `create'
  [1m[36mPost Create (12.1ms)[0m  [1m[32mINSERT INTO "posts" ("title", "content", "created_at", "updated_at") VALUES ($1, $2, $3, $4) RETURNING "id"[0m  [["title", "New post "], ["content", ""], ["created_at", "2020-02-02 11:37:58.699645"], ["updated_at", "2020-02-02 11:37:58.699645"]]
  ↳ app/controllers/posts_controller.rb:17:in `create'
  [1m[35m (2.3ms)[0m  [1m[35mCOMMIT[0m
  ↳ app/controllers/posts_controller.rb:17:in `create'
Redirected to http://localhost:3000/posts/1
Completed 302 Found in 95ms (ActiveRecord: 15.3ms | Allocations: 3054)


Started GET "/posts/1" for ::1 at 2020-02-02 17:07:58 +0530
Processing by PostsController#show as HTML
  Parameters: {"id"=>"1"}
  [1m[36mPost Load (0.4ms)[0m  [1m[34mSELECT "posts".* FROM "posts" WHERE "posts"."id" = $1 LIMIT $2[0m  [["id", 1], ["LIMIT", 1]]
  ↳ app/controllers/posts_controller.rb:47:in `find_post'
  Rendering posts/show.html.erb within layouts/application
  [1m[35m (2.2ms)[0m  [1m[34mSELECT COUNT(*) FROM "comments" WHERE "comments"."post_id" = $1[0m  [["post_id", 1]]
  ↳ app/views/posts/show.html.erb:28
  [1m[36mComment Load (0.6ms)[0m  [1m[34mSELECT "comments".* FROM "comments" WHERE "comments"."post_id" = $1[0m  [["post_id", 1]]
  ↳ app/views/posts/show.html.erb:30
  Rendered collection of templates [0 times] (Duration: 0.1ms | Allocations: 3)
  Rendered comments/_form.html.erb (Duration: 34.0ms | Allocations: 10771)
  Rendered posts/show.html.erb within layouts/application (Duration: 72.7ms | Allocations: 19326)
[Webpacker] Everything's up-to-date. Nothing to do
Completed 200 OK in 86ms (Views: 68.8ms | ActiveRecord: 11.4ms | Allocations: 24797)


Started GET "/service-worker.js" for ::1 at 2020-02-02 17:07:59 +0530
Processing by ServiceWorkerController#service_worker as */*
  Rendering service_worker/service_worker.js.erb
[Webpacker] Everything's up-to-date. Nothing to do
  Rendered service_worker/service_worker.js.erb (Duration: 4.1ms | Allocations: 2011)
Completed 200 OK in 7ms (Views: 5.1ms | ActiveRecord: 0.0ms | Allocations: 2648)


Started GET "/service-worker.js" for ::1 at 2020-02-02 17:07:59 +0530
Processing by ServiceWorkerController#service_worker as */*
  Rendering service_worker/service_worker.js.erb
[Webpacker] Everything's up-to-date. Nothing to do
  Rendered service_worker/service_worker.js.erb (Duration: 5.5ms | Allocations: 2011)
Completed 200 OK in 8ms (Views: 6.6ms | ActiveRecord: 0.0ms | Allocations: 2648)


Started GET "/manifest.json" for ::1 at 2020-02-02 17:07:59 +0530
Processing by ServiceWorkerController#manifest as */*
  Rendering service_worker/manifest.json.erb
  Rendered service_worker/manifest.json.erb (Duration: 2.9ms | Allocations: 956)
Completed 200 OK in 4ms (Views: 3.6ms | ActiveRecord: 0.0ms | Allocations: 1327)


Started GET "/service-worker.js" for ::1 at 2020-02-02 17:08:01 +0530
Processing by ServiceWorkerController#service_worker as */*
  Rendering service_worker/service_worker.js.erb
[Webpacker] Everything's up-to-date. Nothing to do
  Rendered service_worker/service_worker.js.erb (Duration: 17.3ms | Allocations: 2011)
Completed 200 OK in 30ms (Views: 26.5ms | ActiveRecord: 0.0ms | Allocations: 2645)


Started GET "/" for ::1 at 2020-02-02 17:08:02 +0530
Processing by PostsController#index as HTML
  Rendering posts/index.html.erb within layouts/application
  [1m[36mPost Load (1.5ms)[0m  [1m[34mSELECT "posts".* FROM "posts" ORDER BY created_at DESC[0m
  ↳ app/views/posts/index.html.erb:4
  Rendered posts/index.html.erb within layouts/application (Duration: 9.8ms | Allocations: 664)
[Webpacker] Everything's up-to-date. Nothing to do
Completed 200 OK in 48ms (Views: 42.6ms | ActiveRecord: 1.5ms | Allocations: 5129)


Started GET "/" for ::1 at 2020-02-02 18:52:02 +0530

PG::ConnectionBad - could not connect to server: No such file or directory
	Is the server running locally and accepting
	connections on Unix domain socket "/run/postgresql/.s.PGSQL.5432"?
:

Started POST "/__better_errors/2a2cd140efca9657/variables" for ::1 at 2020-02-02 18:52:03 +0530
Started GET "/" for ::1 at 2020-02-02 18:53:18 +0530

PG::ConnectionBad - could not connect to server: No such file or directory
	Is the server running locally and accepting
	connections on Unix domain socket "/run/postgresql/.s.PGSQL.5432"?
:

Started POST "/__better_errors/b78a13c7160277b4/variables" for ::1 at 2020-02-02 18:53:18 +0530
Started POST "/__better_errors/b78a13c7160277b4/variables" for ::1 at 2020-02-02 18:53:26 +0530
Started POST "/__better_errors/b78a13c7160277b4/variables" for ::1 at 2020-02-02 18:53:31 +0530
Started POST "/__better_errors/b78a13c7160277b4/variables" for ::1 at 2020-02-02 18:53:33 +0530
Started GET "/" for ::1 at 2020-02-02 18:54:02 +0530
  [1m[35m (1.3ms)[0m  [1m[34mSELECT "schema_migrations"."version" FROM "schema_migrations" ORDER BY "schema_migrations"."version" ASC[0m
Processing by PostsController#index as HTML
  Rendering posts/index.html.erb within layouts/application
  [1m[36mPost Load (1.9ms)[0m  [1m[34mSELECT "posts".* FROM "posts" ORDER BY created_at DESC[0m
  ↳ app/views/posts/index.html.erb:4
  Rendered posts/index.html.erb within layouts/application (Duration: 18.2ms | Allocations: 4501)
[Webpacker] Compiling...
[Webpacker] Compiled all packs in /home/vedant/Programming/News/public/packs
[Webpacker] Hash: 2c096462ef7498e96cfa
Version: webpack 4.41.5
Time: 2311ms
Built at: 02/02/2020 6:54:06 pm
                                     Asset       Size       Chunks                         Chunk Names
    js/application-a92d4a2a28c71f96aa2b.js    124 KiB  application  [emitted] [immutable]  application
js/application-a92d4a2a28c71f96aa2b.js.map    139 KiB  application  [emitted] [dev]        application
                             manifest.json  364 bytes               [emitted]              
Entrypoint application = js/application-a92d4a2a28c71f96aa2b.js js/application-a92d4a2a28c71f96aa2b.js.map
[./app/javascript/channels sync recursive _channel\.js$] ./app/javascript/channels sync _channel\.js$ 160 bytes {application} [built]
[./app/javascript/channels/index.js] 211 bytes {application} [built]
[./app/javascript/packs/application.js] 953 bytes {application} [built]
[./node_modules/webpack/buildin/module.js] (webpack)/buildin/module.js 552 bytes {application} [built]
    + 3 hidden modules

Completed 200 OK in 4448ms (Views: 4425.7ms | ActiveRecord: 10.0ms | Allocations: 16306)


Started GET "/service-worker.js" for ::1 at 2020-02-02 18:54:06 +0530
Processing by ServiceWorkerController#service_worker as */*
  Rendering service_worker/service_worker.js.erb
[Webpacker] Everything's up-to-date. Nothing to do
  Rendered service_worker/service_worker.js.erb (Duration: 4.1ms | Allocations: 2216)
Completed 200 OK in 9ms (Views: 7.5ms | ActiveRecord: 0.0ms | Allocations: 3922)


Started GET "/service-worker.js" for ::1 at 2020-02-02 18:54:06 +0530
Processing by ServiceWorkerController#service_worker as */*
  Rendering service_worker/service_worker.js.erb
[Webpacker] Everything's up-to-date. Nothing to do
  Rendered service_worker/service_worker.js.erb (Duration: 2.4ms | Allocations: 2012)
Completed 200 OK in 4ms (Views: 2.9ms | ActiveRecord: 0.0ms | Allocations: 2463)


Started GET "/manifest.json" for ::1 at 2020-02-02 18:54:11 +0530
Processing by ServiceWorkerController#manifest as */*
  Rendering service_worker/manifest.json.erb
  Rendered service_worker/manifest.json.erb (Duration: 5.5ms | Allocations: 1165)
Completed 200 OK in 10ms (Views: 8.8ms | ActiveRecord: 0.0ms | Allocations: 2583)


Started GET "/" for ::1 at 2020-02-02 18:57:00 +0530
  [1m[35m (0.7ms)[0m  [1m[34mSELECT "schema_migrations"."version" FROM "schema_migrations" ORDER BY "schema_migrations"."version" ASC[0m
Processing by PostsController#index as HTML
  Rendering posts/index.html.erb within layouts/application
  [1m[36mPost Load (0.8ms)[0m  [1m[34mSELECT "posts".* FROM "posts" ORDER BY created_at DESC[0m
  ↳ app/views/posts/index.html.erb:4
  Rendered posts/index.html.erb within layouts/application (Duration: 14.9ms | Allocations: 4501)
[Webpacker] Everything's up-to-date. Nothing to do
Completed 200 OK in 84ms (Views: 65.2ms | ActiveRecord: 6.2ms | Allocations: 15256)


Started GET "/service-worker.js" for ::1 at 2020-02-02 18:57:01 +0530
Processing by ServiceWorkerController#service_worker as */*
  Rendering service_worker/service_worker.js.erb
[Webpacker] Everything's up-to-date. Nothing to do
  Rendered service_worker/service_worker.js.erb (Duration: 3.5ms | Allocations: 2217)
Completed 200 OK in 7ms (Views: 5.5ms | ActiveRecord: 0.0ms | Allocations: 4096)


Started GET "/service-worker.js" for ::1 at 2020-02-02 18:57:01 +0530
Processing by ServiceWorkerController#service_worker as */*
  Rendering service_worker/service_worker.js.erb
[Webpacker] Everything's up-to-date. Nothing to do
  Rendered service_worker/service_worker.js.erb (Duration: 2.7ms | Allocations: 2011)
Completed 200 OK in 4ms (Views: 3.4ms | ActiveRecord: 0.0ms | Allocations: 2628)


Started GET "/manifest.json" for ::1 at 2020-02-02 18:57:01 +0530
Processing by ServiceWorkerController#manifest as */*
  Rendering service_worker/manifest.json.erb
  Rendered service_worker/manifest.json.erb (Duration: 3.3ms | Allocations: 1165)
Completed 200 OK in 8ms (Views: 6.4ms | ActiveRecord: 0.0ms | Allocations: 2610)


Started GET "/" for ::1 at 2020-02-02 19:02:26 +0530
  [1m[35m (0.8ms)[0m  [1m[34mSELECT "schema_migrations"."version" FROM "schema_migrations" ORDER BY "schema_migrations"."version" ASC[0m
Processing by PostsController#index as HTML
  Rendering posts/index.html.erb within layouts/application
  [1m[36mPost Load (0.9ms)[0m  [1m[34mSELECT "posts".* FROM "posts" ORDER BY created_at DESC[0m
  ↳ app/views/posts/index.html.erb:4
  Rendered posts/index.html.erb within layouts/application (Duration: 18.6ms | Allocations: 4501)
[Webpacker] Everything's up-to-date. Nothing to do
Completed 200 OK in 217ms (Views: 194.2ms | ActiveRecord: 8.7ms | Allocations: 15325)


Started GET "/manifest.json" for ::1 at 2020-02-02 19:02:26 +0530
Processing by ServiceWorkerController#manifest as */*
  Rendering service_worker/manifest.json.erb
  Rendered service_worker/manifest.json.erb (Duration: 3.4ms | Allocations: 1170)
Completed 200 OK in 7ms (Views: 6.0ms | ActiveRecord: 0.0ms | Allocations: 2796)


Started GET "/service-worker.js" for ::1 at 2020-02-02 19:02:28 +0530
Processing by ServiceWorkerController#service_worker as */*
  Rendering service_worker/service_worker.js.erb
[Webpacker] Everything's up-to-date. Nothing to do
  Rendered service_worker/service_worker.js.erb (Duration: 12.0ms | Allocations: 2255)
Completed 200 OK in 26ms (Views: 19.3ms | ActiveRecord: 0.0ms | Allocations: 3922)


Started GET "/" for ::1 at 2020-02-02 19:02:30 +0530
Processing by PostsController#index as */*
  Rendering posts/index.html.erb within layouts/application
  [1m[36mPost Load (0.4ms)[0m  [1m[34mSELECT "posts".* FROM "posts" ORDER BY created_at DESC[0m
  ↳ app/views/posts/index.html.erb:4
  Rendered posts/index.html.erb within layouts/application (Duration: 2.5ms | Allocations: 677)
[Webpacker] Everything's up-to-date. Nothing to do
Completed 200 OK in 15ms (Views: 12.3ms | ActiveRecord: 0.4ms | Allocations: 5284)


Started GET "/service-worker.js" for ::1 at 2020-02-02 19:02:40 +0530
Processing by ServiceWorkerController#service_worker as */*
  Rendering service_worker/service_worker.js.erb
[Webpacker] Everything's up-to-date. Nothing to do
  Rendered service_worker/service_worker.js.erb (Duration: 9.5ms | Allocations: 2012)
Completed 200 OK in 15ms (Views: 11.7ms | ActiveRecord: 0.0ms | Allocations: 2633)


Started GET "/service-worker.js" for ::1 at 2020-02-02 19:02:43 +0530
Processing by ServiceWorkerController#service_worker as */*
  Rendering service_worker/service_worker.js.erb
[Webpacker] Everything's up-to-date. Nothing to do
  Rendered service_worker/service_worker.js.erb (Duration: 17.3ms | Allocations: 2011)
Completed 200 OK in 25ms (Views: 19.7ms | ActiveRecord: 0.0ms | Allocations: 2628)


Started GET "/" for ::1 at 2020-02-02 19:02:46 +0530
Processing by PostsController#index as HTML
  Rendering posts/index.html.erb within layouts/application
  [1m[36mPost Load (5.7ms)[0m  [1m[34mSELECT "posts".* FROM "posts" ORDER BY created_at DESC[0m
  ↳ app/views/posts/index.html.erb:4
  Rendered posts/index.html.erb within layouts/application (Duration: 11.9ms | Allocations: 669)
[Webpacker] Everything's up-to-date. Nothing to do
Completed 200 OK in 44ms (Views: 33.9ms | ActiveRecord: 5.7ms | Allocations: 5128)


Started GET "/manifest.json" for ::1 at 2020-02-02 19:02:47 +0530
Processing by ServiceWorkerController#manifest as */*
  Rendering service_worker/manifest.json.erb
  Rendered service_worker/manifest.json.erb (Duration: 2.7ms | Allocations: 956)
Completed 200 OK in 5ms (Views: 3.5ms | ActiveRecord: 0.0ms | Allocations: 1327)


Started GET "/service-worker.js" for ::1 at 2020-02-02 19:02:48 +0530
Processing by ServiceWorkerController#service_worker as */*
  Rendering service_worker/service_worker.js.erb
[Webpacker] Everything's up-to-date. Nothing to do
  Rendered service_worker/service_worker.js.erb (Duration: 9.2ms | Allocations: 2011)
Completed 200 OK in 14ms (Views: 11.1ms | ActiveRecord: 0.0ms | Allocations: 2631)


